#
# A fatal error has been detected by the Java Runtime Environment:
#
#  EXCEPTION_ACCESS_VIOLATION (0xc0000005) at pc=0x0000000028371066, pid=13728, tid=0x00000000000017e0
#
# JRE version: Java(TM) SE Runtime Environment (8.0_251-b08) (build 1.8.0_251-b08)
# Java VM: Java HotSpot(TM) 64-Bit Server VM (25.251-b08 mixed mode windows-amd64 compressed oops)
# Problematic frame:
# C  [OpenAL64.dll+0x11066]
#
# Failed to write core dump. Minidumps are not enabled by default on client versions of Windows
#
# If you would like to submit a bug report, please visit:
#   http://bugreport.java.com/bugreport/crash.jsp
# The crash happened outside the Java Virtual Machine in native code.
# See problematic frame for where to report the bug.
#

---------------  T H R E A D  ---------------

Current thread (0x0000000002506000):  JavaThread "main" [_thread_in_native, id=6112, stack(0x00000000023f0000,0x00000000024f0000)]

siginfo: ExceptionCode=0xc0000005, reading address 0x0000000026ac3004

Registers:
RAX=0x0000000000a0ffff, RBX=0x00000000286b0090, RCX=0x0000000026ac3008, RDX=0x0000000026ac3004
RSP=0x00000000024ebc50, RBP=0x00000000000000ff, RSI=0x0000000026abf0ec, RDI=0x0000000000000000
R8 =0x0000000000000fc6, R9 =0x0000000026abf0ec, R10=0x00000000026285fb, R11=0x000000006e70d040
R12=0x0000000000000001, R13=0x00000000280e8c70, R14=0x00000000024ebdf0, R15=0x0000000002506000
RIP=0x0000000028371066, EFLAGS=0x0000000000010202

Top of Stack: (sp=0x00000000024ebc50)
0x00000000024ebc50:   0000000000000000 0000000022db9300
0x00000000024ebc60:   00000000001f7c80 0000000002506000
0x00000000024ebc70:   00000000280e8c70 0000000000000000
0x00000000024ebc80:   0000000002506000 00000000001f7c80
0x00000000024ebc90:   00000000280e8c70 00000000024ebdf0
0x00000000024ebca0:   00000000001fef70 000000006e59c4a6
0x00000000024ebcb0:   00000000024ec588 0000000002506b90
0x00000000024ebcc0:   0000000002506000 00000000024ebdf0
0x00000000024ebcd0:   00000000280e8c70 0000000000000000
0x00000000024ebce0:   0000000026abf0ec 0000000000000248
0x00000000024ebcf0:   00000000024ebdb8 000000002837248f
0x00000000024ebd00:   00000000286b0090 00000000286b0090
0x00000000024ebd10:   000000000000ac44 0000000000a0ffff
0x00000000024ebd20:   0000000002617e70 0000000002628627
0x00000000024ebd30:   00000000280e8c70 0000000002617e70
0x00000000024ebd40:   0000000002617e70 000000000262836b 

Instructions: (pc=0x0000000028371066)
0x0000000028371046:   41 2b ec 81 3a 03 00 02 00 75 09 8b 01 89 84 24
0x0000000028371056:   c8 00 00 00 49 83 c0 02 48 83 c1 08 4a 8d 14 86
0x0000000028371066:   39 3a 75 af 4c 8d 84 24 c0 00 00 00 48 8d 15 d7
0x0000000028371076:   2b 03 00 33 c9 e8 58 5f 00 00 b8 40 1f 00 00 4c 


Register to memory mapping:

RAX=0x0000000000a0ffff is an unknown value
RBX=0x00000000286b0090 is an unknown value
RCX=0x0000000026ac3008 is an unknown value
RDX=0x0000000026ac3004 is an unknown value
RSP=0x00000000024ebc50 is pointing into the stack for thread: 0x0000000002506000
RBP=0x00000000000000ff is an unknown value
RSI=0x0000000026abf0ec is an unknown value
RDI=0x0000000000000000 is an unknown value
R8 =0x0000000000000fc6 is an unknown value
R9 =0x0000000026abf0ec is an unknown value
R10=0x00000000026285fb is at code_begin+891 in an Interpreter codelet
method entry point (kind = native)  [0x0000000002628280, 0x0000000002628c40]  2496 bytes
R11=0x000000006e70d040 is an unknown value
R12=0x0000000000000001 is an unknown value
R13={method} {0x00000000280e8c78} 'nalcCreateContext' '(JJ)J' in 'org/lwjgl/openal/ALC10'
R14=0x00000000024ebdf0 is pointing into the stack for thread: 0x0000000002506000
R15=0x0000000002506000 is a thread


Stack: [0x00000000023f0000,0x00000000024f0000],  sp=0x00000000024ebc50,  free space=1007k
Native frames: (J=compiled Java code, j=interpreted, Vv=VM code, C=native code)
C  [OpenAL64.dll+0x11066]
C  [OpenAL64.dll+0x1248f]
C  0x0000000002628627

Java frames: (J=compiled Java code, j=interpreted, Vv=VM code)
j  org.lwjgl.openal.ALC10.nalcCreateContext(JJ)J+0
j  org.lwjgl.openal.ALC10.alcCreateContext(Lorg/lwjgl/openal/ALCdevice;Ljava/nio/IntBuffer;)Lorg/lwjgl/openal/ALCcontext;+8
j  org.lwjgl.openal.AL.init(Ljava/lang/String;IIZZ)V+69
j  org.lwjgl.openal.AL.create(Ljava/lang/String;IIZZ)V+246
j  org.lwjgl.openal.AL.create(Ljava/lang/String;IIZ)V+5
j  org.lwjgl.openal.AL.create()V+6
j  com.badlogic.gdx.backends.lwjgl.audio.OpenALAudio.<init>(III)V+114
j  com.badlogic.gdx.backends.lwjgl.LwjglApplication.<init>(Lcom/badlogic/gdx/ApplicationListener;Lcom/badlogic/gdx/backends/lwjgl/LwjglApplicationConfiguration;Lcom/badlogic/gdx/backends/lwjgl/LwjglGraphics;)V+120
j  com.badlogic.gdx.backends.lwjgl.LwjglApplication.<init>(Lcom/badlogic/gdx/ApplicationListener;Lcom/badlogic/gdx/backends/lwjgl/LwjglApplicationConfiguration;)V+11
j  org.uqbar.project.wollok.game.gameboard.WollokGDXApplication.<init>(Lorg/uqbar/project/wollok/game/gameboard/Gameboard;Ljava/lang/Boolean;)V+17
j  org.uqbar.project.wollok.game.helpers.Application.start(Lorg/uqbar/project/wollok/game/gameboard/Gameboard;Ljava/lang/Boolean;)V+5
j  org.uqbar.project.wollok.game.gameboard.Gameboard.start(Ljava/lang/Boolean;)V+13
j  wollok.game.GameObject.doStart(Ljava/lang/Boolean;)V+12
v  ~StubRoutines::call_stub
j  sun.reflect.NativeMethodAccessorImpl.invoke0(Ljava/lang/reflect/Method;Ljava/lang/Object;[Ljava/lang/Object;)Ljava/lang/Object;+0
j  sun.reflect.NativeMethodAccessorImpl.invoke(Ljava/lang/Object;[Ljava/lang/Object;)Ljava/lang/Object;+100
J 2565 C1 sun.reflect.DelegatingMethodAccessorImpl.invoke(Ljava/lang/Object;[Ljava/lang/Object;)Ljava/lang/Object; (10 bytes) @ 0x0000000002e9128c [0x0000000002e91180+0x10c]
J 2564 C1 java.lang.reflect.Method.invoke(Ljava/lang/Object;[Ljava/lang/Object;)Ljava/lang/Object; (62 bytes) @ 0x0000000002e90cb4 [0x0000000002e908c0+0x3f4]
j  org.uqbar.project.wollok.ui.utils.XTendUtilExtensions.invokeConvertingArgs(Ljava/lang/reflect/Method;Ljava/lang/Object;[Ljava/lang/Object;)Lorg/uqbar/project/wollok/interpreter/core/WollokObject;+261
j  org.uqbar.project.wollok.interpreter.AbstractWollokCallable._invokeNative(Ljava/lang/Object;Ljava/lang/String;[Lorg/uqbar/project/wollok/interpreter/core/WollokObject;)Lorg/uqbar/project/wollok/interpreter/core/WollokObject;+41
j  org.uqbar.project.wollok.interpreter.AbstractWollokCallable.invokeNative(Ljava/lang/Object;Ljava/lang/String;[Lorg/uqbar/project/wollok/interpreter/core/WollokObject;)Lorg/uqbar/project/wollok/interpreter/core/WollokObject;+26
j  org.uqbar.project.wollok.interpreter.AbstractWollokCallable$1.apply()Lorg/uqbar/project/wollok/interpreter/core/WollokObject;+55
j  org.uqbar.project.wollok.interpreter.AbstractWollokCallable$1.apply()Ljava/lang/Object;+1
j  org.uqbar.project.wollok.interpreter.threads.WThread.performOnStack(Lorg/eclipse/emf/ecore/EObject;Lorg/uqbar/project/wollok/interpreter/context/EvaluationContext;Lorg/eclipse/xtext/xbase/lib/Functions$Function0;)Lorg/uqbar/project/wollok/interpreter/core/WollokObject;+29
j  org.uqbar.project.wollok.interpreter.WollokInterpreter.performOnStack(Lorg/eclipse/emf/ecore/EObject;Lorg/uqbar/project/wollok/interpreter/context/EvaluationContext;Lorg/eclipse/xtext/xbase/lib/Functions$Function0;)Lorg/uqbar/project/wollok/interpreter/core/WollokObject;+7
j  org.uqbar.project.wollok.interpreter.AbstractWollokCallable.call(Lorg/uqbar/project/wollok/wollokDsl/WMethodDeclaration;[Lorg/uqbar/project/wollok/interpreter/core/WollokObject;)Lorg/uqbar/project/wollok/interpreter/core/WollokObject;+38
j  org.uqbar.project.wollok.interpreter.core.WollokObject.call(Ljava/lang/String;[Lorg/uqbar/project/wollok/interpreter/core/WollokObject;)Lorg/uqbar/project/wollok/interpreter/core/WollokObject;+55
j  org.uqbar.project.wollok.interpreter.WollokInterpreterEvaluator._evaluate(Lorg/uqbar/project/wollok/wollokDsl/WFeatureCall;)Lorg/uqbar/project/wollok/interpreter/core/WollokObject;+119
J 3316 C1 org.uqbar.project.wollok.launch.WollokLauncherInterpreterEvaluator.evaluate(Lorg/eclipse/emf/ecore/EObject;)Lorg/uqbar/project/wollok/interpreter/core/WollokObject; (502 bytes) @ 0x000000000308aa8c [0x00000000030868a0+0x41ec]
J 3252 C1 org.uqbar.project.wollok.interpreter.WollokInterpreter.eval(Lorg/eclipse/emf/ecore/EObject;)Lorg/uqbar/project/wollok/interpreter/core/WollokObject; (190 bytes) @ 0x0000000003047864 [0x0000000003046e00+0xa64]
j  org.uqbar.project.wollok.interpreter.WollokInterpreterEvaluator.eval(Lorg/eclipse/emf/ecore/EObject;)Lorg/uqbar/project/wollok/interpreter/core/WollokObject;+5
j  org.uqbar.project.wollok.interpreter.WollokInterpreterEvaluator$1.apply(Lorg/uqbar/project/wollok/interpreter/core/WollokObject;Lorg/eclipse/emf/ecore/EObject;)Lorg/uqbar/project/wollok/interpreter/core/WollokObject;+5
j  org.uqbar.project.wollok.interpreter.WollokInterpreterEvaluator$1.apply(Ljava/lang/Object;Ljava/lang/Object;)Ljava/lang/Object;+9
j  org.eclipse.xtext.xbase.lib.IteratorExtensions.fold(Ljava/util/Iterator;Ljava/lang/Object;Lorg/eclipse/xtext/xbase/lib/Functions$Function2;)Ljava/lang/Object;+19
j  org.eclipse.xtext.xbase.lib.IterableExtensions.fold(Ljava/lang/Iterable;Ljava/lang/Object;Lorg/eclipse/xtext/xbase/lib/Functions$Function2;)Ljava/lang/Object;+8
j  org.uqbar.project.wollok.interpreter.WollokInterpreterEvaluator.evalAll(Ljava/lang/Iterable;)Lorg/uqbar/project/wollok/interpreter/core/WollokObject;+12
j  org.uqbar.project.wollok.interpreter.WollokInterpreterEvaluator._evaluate(Lorg/uqbar/project/wollok/wollokDsl/WBlockExpression;)Lorg/uqbar/project/wollok/interpreter/core/WollokObject;+34
J 3316 C1 org.uqbar.project.wollok.launch.WollokLauncherInterpreterEvaluator.evaluate(Lorg/eclipse/emf/ecore/EObject;)Lorg/uqbar/project/wollok/interpreter/core/WollokObject; (502 bytes) @ 0x000000000308e30c [0x00000000030868a0+0x7a6c]
J 3252 C1 org.uqbar.project.wollok.interpreter.WollokInterpreter.eval(Lorg/eclipse/emf/ecore/EObject;)Lorg/uqbar/project/wollok/interpreter/core/WollokObject; (190 bytes) @ 0x0000000003047864 [0x0000000003046e00+0xa64]
j  org.uqbar.project.wollok.interpreter.AbstractWollokCallable.eval(Lorg/eclipse/emf/ecore/EObject;)Lorg/uqbar/project/wollok/interpreter/core/WollokObject;+5
j  org.uqbar.project.wollok.interpreter.AbstractWollokCallable$1.apply()Lorg/uqbar/project/wollok/interpreter/core/WollokObject;+110
j  org.uqbar.project.wollok.interpreter.AbstractWollokCallable$1.apply()Ljava/lang/Object;+1
j  org.uqbar.project.wollok.interpreter.threads.WThread.performOnStack(Lorg/eclipse/emf/ecore/EObject;Lorg/uqbar/project/wollok/interpreter/context/EvaluationContext;Lorg/eclipse/xtext/xbase/lib/Functions$Function0;)Lorg/uqbar/project/wollok/interpreter/core/WollokObject;+29
j  org.uqbar.project.wollok.interpreter.WollokInterpreter.performOnStack(Lorg/eclipse/emf/ecore/EObject;Lorg/uqbar/project/wollok/interpreter/context/EvaluationContext;Lorg/eclipse/xtext/xbase/lib/Functions$Function0;)Lorg/uqbar/project/wollok/interpreter/core/WollokObject;+7
j  org.uqbar.project.wollok.interpreter.AbstractWollokCallable.call(Lorg/uqbar/project/wollok/wollokDsl/WMethodDeclaration;[Lorg/uqbar/project/wollok/interpreter/core/WollokObject;)Lorg/uqbar/project/wollok/interpreter/core/WollokObject;+38
j  org.uqbar.project.wollok.interpreter.core.WollokObject.call(Ljava/lang/String;[Lorg/uqbar/project/wollok/interpreter/core/WollokObject;)Lorg/uqbar/project/wollok/interpreter/core/WollokObject;+55
j  org.uqbar.project.wollok.interpreter.WollokInterpreterEvaluator._evaluate(Lorg/uqbar/project/wollok/wollokDsl/WFeatureCall;)Lorg/uqbar/project/wollok/interpreter/core/WollokObject;+119
J 3316 C1 org.uqbar.project.wollok.launch.WollokLauncherInterpreterEvaluator.evaluate(Lorg/eclipse/emf/ecore/EObject;)Lorg/uqbar/project/wollok/interpreter/core/WollokObject; (502 bytes) @ 0x000000000308aa8c [0x00000000030868a0+0x41ec]
J 3252 C1 org.uqbar.project.wollok.interpreter.WollokInterpreter.eval(Lorg/eclipse/emf/ecore/EObject;)Lorg/uqbar/project/wollok/interpreter/core/WollokObject; (190 bytes) @ 0x0000000003047864 [0x0000000003046e00+0xa64]
j  org.uqbar.project.wollok.interpreter.WollokInterpreterEvaluator.eval(Lorg/eclipse/emf/ecore/EObject;)Lorg/uqbar/project/wollok/interpreter/core/WollokObject;+5
j  org.uqbar.project.wollok.interpreter.WollokInterpreterEvaluator$1.apply(Lorg/uqbar/project/wollok/interpreter/core/WollokObject;Lorg/eclipse/emf/ecore/EObject;)Lorg/uqbar/project/wollok/interpreter/core/WollokObject;+5
j  org.uqbar.project.wollok.interpreter.WollokInterpreterEvaluator$1.apply(Ljava/lang/Object;Ljava/lang/Object;)Ljava/lang/Object;+9
j  org.eclipse.xtext.xbase.lib.IteratorExtensions.fold(Ljava/util/Iterator;Ljava/lang/Object;Lorg/eclipse/xtext/xbase/lib/Functions$Function2;)Ljava/lang/Object;+19
j  org.eclipse.xtext.xbase.lib.IterableExtensions.fold(Ljava/lang/Iterable;Ljava/lang/Object;Lorg/eclipse/xtext/xbase/lib/Functions$Function2;)Ljava/lang/Object;+8
j  org.uqbar.project.wollok.interpreter.WollokInterpreterEvaluator.evalAll(Ljava/lang/Iterable;)Lorg/uqbar/project/wollok/interpreter/core/WollokObject;+12
j  org.uqbar.project.wollok.interpreter.WollokInterpreterEvaluator._evaluate(Lorg/uqbar/project/wollok/wollokDsl/WBlockExpression;)Lorg/uqbar/project/wollok/interpreter/core/WollokObject;+34
j  org.uqbar.project.wollok.launch.WollokLauncherInterpreterEvaluator.evaluate(Lorg/eclipse/emf/ecore/EObject;)Lorg/uqbar/project/wollok/interpreter/core/WollokObject;+76
j  org.uqbar.project.wollok.interpreter.WollokInterpreterEvaluator.evaluate(Lorg/eclipse/emf/ecore/EObject;)Ljava/lang/Object;+2
j  org.uqbar.project.wollok.interpreter.WollokInterpreter.eval(Lorg/eclipse/emf/ecore/EObject;)Lorg/uqbar/project/wollok/interpreter/core/WollokObject;+63
j  org.uqbar.project.wollok.interpreter.AbstractWollokCallable.eval(Lorg/eclipse/emf/ecore/EObject;)Lorg/uqbar/project/wollok/interpreter/core/WollokObject;+5
j  org.uqbar.project.wollok.interpreter.AbstractWollokCallable$1.apply()Lorg/uqbar/project/wollok/interpreter/core/WollokObject;+110
j  org.uqbar.project.wollok.interpreter.AbstractWollokCallable$1.apply()Ljava/lang/Object;+1
j  org.uqbar.project.wollok.interpreter.threads.WThread.performOnStack(Lorg/eclipse/emf/ecore/EObject;Lorg/uqbar/project/wollok/interpreter/context/EvaluationContext;Lorg/eclipse/xtext/xbase/lib/Functions$Function0;)Lorg/uqbar/project/wollok/interpreter/core/WollokObject;+29
j  org.uqbar.project.wollok.interpreter.WollokInterpreter.performOnStack(Lorg/eclipse/emf/ecore/EObject;Lorg/uqbar/project/wollok/interpreter/context/EvaluationContext;Lorg/eclipse/xtext/xbase/lib/Functions$Function0;)Lorg/uqbar/project/wollok/interpreter/core/WollokObject;+7
j  org.uqbar.project.wollok.interpreter.AbstractWollokCallable.call(Lorg/uqbar/project/wollok/wollokDsl/WMethodDeclaration;[Lorg/uqbar/project/wollok/interpreter/core/WollokObject;)Lorg/uqbar/project/wollok/interpreter/core/WollokObject;+38
j  org.uqbar.project.wollok.interpreter.core.WollokObject.call(Ljava/lang/String;[Lorg/uqbar/project/wollok/interpreter/core/WollokObject;)Lorg/uqbar/project/wollok/interpreter/core/WollokObject;+55
j  org.uqbar.project.wollok.interpreter.WollokInterpreterEvaluator._evaluate(Lorg/uqbar/project/wollok/wollokDsl/WFeatureCall;)Lorg/uqbar/project/wollok/interpreter/core/WollokObject;+119
j  org.uqbar.project.wollok.launch.WollokLauncherInterpreterEvaluator.evaluate(Lorg/eclipse/emf/ecore/EObject;)Lorg/uqbar/project/wollok/interpreter/core/WollokObject;+412
j  org.uqbar.project.wollok.interpreter.WollokInterpreterEvaluator.evaluate(Lorg/eclipse/emf/ecore/EObject;)Ljava/lang/Object;+2
j  org.uqbar.project.wollok.interpreter.WollokInterpreter.eval(Lorg/eclipse/emf/ecore/EObject;)Lorg/uqbar/project/wollok/interpreter/core/WollokObject;+63
j  org.uqbar.project.wollok.interpreter.WollokInterpreterEvaluator.eval(Lorg/eclipse/emf/ecore/EObject;)Lorg/uqbar/project/wollok/interpreter/core/WollokObject;+5
j  org.uqbar.project.wollok.interpreter.WollokInterpreterEvaluator$1.apply(Lorg/uqbar/project/wollok/interpreter/core/WollokObject;Lorg/eclipse/emf/ecore/EObject;)Lorg/uqbar/project/wollok/interpreter/core/WollokObject;+5
j  org.uqbar.project.wollok.interpreter.WollokInterpreterEvaluator$1.apply(Ljava/lang/Object;Ljava/lang/Object;)Ljava/lang/Object;+9
j  org.eclipse.xtext.xbase.lib.IteratorExtensions.fold(Ljava/util/Iterator;Ljava/lang/Object;Lorg/eclipse/xtext/xbase/lib/Functions$Function2;)Ljava/lang/Object;+19
j  org.eclipse.xtext.xbase.lib.IterableExtensions.fold(Ljava/lang/Iterable;Ljava/lang/Object;Lorg/eclipse/xtext/xbase/lib/Functions$Function2;)Ljava/lang/Object;+8
j  org.uqbar.project.wollok.interpreter.WollokInterpreterEvaluator.evalAll(Ljava/lang/Iterable;)Lorg/uqbar/project/wollok/interpreter/core/WollokObject;+12
j  org.uqbar.project.wollok.interpreter.WollokInterpreterEvaluator._evaluate(Lorg/uqbar/project/wollok/wollokDsl/WProgram;)Lorg/uqbar/project/wollok/interpreter/core/WollokObject;+18
j  org.uqbar.project.wollok.launch.WollokLauncherInterpreterEvaluator.evaluate(Lorg/eclipse/emf/ecore/EObject;)Lorg/uqbar/project/wollok/interpreter/core/WollokObject;+444
j  org.uqbar.project.wollok.interpreter.WollokInterpreterEvaluator.evaluate(Lorg/eclipse/emf/ecore/EObject;)Ljava/lang/Object;+2
j  org.uqbar.project.wollok.interpreter.WollokInterpreter.eval(Lorg/eclipse/emf/ecore/EObject;)Lorg/uqbar/project/wollok/interpreter/core/WollokObject;+63
j  org.uqbar.project.wollok.interpreter.WollokInterpreterEvaluator.eval(Lorg/eclipse/emf/ecore/EObject;)Lorg/uqbar/project/wollok/interpreter/core/WollokObject;+5
j  org.uqbar.project.wollok.launch.WollokLauncherInterpreterEvaluator._evaluate(Lorg/uqbar/project/wollok/wollokDsl/WFile;)Lorg/uqbar/project/wollok/interpreter/core/WollokObject;+32
j  org.uqbar.project.wollok.launch.WollokLauncherInterpreterEvaluator.evaluate(Lorg/eclipse/emf/ecore/EObject;)Lorg/uqbar/project/wollok/interpreter/core/WollokObject;+428
j  org.uqbar.project.wollok.interpreter.WollokInterpreterEvaluator.evaluate(Lorg/eclipse/emf/ecore/EObject;)Ljava/lang/Object;+2
j  org.uqbar.project.wollok.interpreter.WollokInterpreter.interpret(Lorg/eclipse/emf/ecore/EObject;Ljava/lang/Boolean;)Lorg/uqbar/project/wollok/interpreter/core/WollokObject;+25
j  org.uqbar.project.wollok.interpreter.WollokInterpreter.interpret(Lorg/eclipse/emf/ecore/EObject;)Lorg/uqbar/project/wollok/interpreter/core/WollokObject;+8
j  org.uqbar.project.wollok.launch.WollokLauncher.doSomething(Lorg/uqbar/project/wollok/wollokDsl/WFile;Lcom/google/inject/Injector;Ljava/io/File;Lorg/uqbar/project/wollok/launch/WollokLauncherParameters;)V+109
j  org.uqbar.project.wollok.launch.WollokChecker.launch(Ljava/lang/String;Lorg/uqbar/project/wollok/launch/WollokLauncherParameters;)V+31
j  org.uqbar.project.wollok.launch.WollokChecker.doMain([Ljava/lang/String;)V+205
j  org.uqbar.project.wollok.launch.WollokLauncher.main([Ljava/lang/String;)V+8
v  ~StubRoutines::call_stub

---------------  P R O C E S S  ---------------

Java Threads: ( => current thread )
  0x0000000024347000 JavaThread "com.google.inject.internal.util.$Finalizer" daemon [_thread_blocked, id=3648, stack(0x0000000025370000,0x0000000025470000)]
  0x0000000024246800 JavaThread "EMF Reference Cleaner" daemon [_thread_blocked, id=10980, stack(0x0000000025070000,0x0000000025170000)]
  0x0000000022b4e000 JavaThread "Service Thread" daemon [_thread_blocked, id=10308, stack(0x00000000236a0000,0x00000000237a0000)]
  0x0000000022aba800 JavaThread "C1 CompilerThread3" daemon [_thread_blocked, id=13764, stack(0x00000000235a0000,0x00000000236a0000)]
  0x0000000022ab9800 JavaThread "C2 CompilerThread2" daemon [_thread_blocked, id=11812, stack(0x00000000234a0000,0x00000000235a0000)]
  0x0000000022aa8800 JavaThread "C2 CompilerThread1" daemon [_thread_blocked, id=4828, stack(0x00000000233a0000,0x00000000234a0000)]
  0x0000000022aa3800 JavaThread "C2 CompilerThread0" daemon [_thread_blocked, id=7680, stack(0x00000000232a0000,0x00000000233a0000)]
  0x0000000022a9e800 JavaThread "Attach Listener" daemon [_thread_blocked, id=5472, stack(0x00000000231a0000,0x00000000232a0000)]
  0x0000000022a9d800 JavaThread "Signal Dispatcher" daemon [_thread_blocked, id=9704, stack(0x00000000230a0000,0x00000000231a0000)]
  0x0000000022a90800 JavaThread "Finalizer" daemon [_thread_blocked, id=8896, stack(0x0000000022e70000,0x0000000022f70000)]
  0x0000000020b7d800 JavaThread "Reference Handler" daemon [_thread_blocked, id=2756, stack(0x0000000022970000,0x0000000022a70000)]
=>0x0000000002506000 JavaThread "main" [_thread_in_native, id=6112, stack(0x00000000023f0000,0x00000000024f0000)]

Other Threads:
  0x0000000020b79800 VMThread [stack: 0x0000000022870000,0x0000000022970000] [id=12752]
  0x0000000022b68000 WatcherThread [stack: 0x00000000237a0000,0x00000000238a0000] [id=2628]

VM state:not at safepoint (normal execution)

VM Mutex/Monitor currently owned by a thread: None

heap address: 0x0000000641800000, size: 6120 MB, Compressed Oops mode: Zero based, Oop shift amount: 3
Narrow klass base: 0x0000000000000000, Narrow klass shift: 3
Compressed class space size: 1073741824 Address: 0x00000007c0000000

Heap:
 PSYoungGen      total 212992K, used 5790K [0x0000000740800000, 0x000000075a800000, 0x00000007c0000000)
  eden space 196608K, 2% used [0x0000000740800000,0x0000000740da7930,0x000000074c800000)
  from space 16384K, 0% used [0x000000074c800000,0x000000074c800000,0x000000074d800000)
  to   space 16384K, 0% used [0x0000000759800000,0x0000000759800000,0x000000075a800000)
 ParOldGen       total 175104K, used 18380K [0x0000000641800000, 0x000000064c300000, 0x0000000740800000)
  object space 175104K, 10% used [0x0000000641800000,0x00000006429f33b0,0x000000064c300000)
 Metaspace       used 21074K, capacity 21374K, committed 21504K, reserved 1069056K
  class space    used 2685K, capacity 2753K, committed 2816K, reserved 1048576K

Card table byte_map: [0x00000000119d0000,0x00000000125d0000] byte_map_base: 0x000000000e7c4000

Marking Bits: (ParMarkBitMap*) 0x000000006ed0af90
 Begin Bits: [0x00000000135d0000, 0x0000000019570000)
 End Bits:   [0x0000000019570000, 0x000000001f510000)

Polling page: 0x0000000000a30000

CodeCache: size=245760Kb used=11038Kb max_used=11049Kb free=234721Kb
 bounds [0x0000000002610000, 0x00000000030f0000, 0x0000000011610000]
 total_blobs=3864 nmethods=3422 adapters=354
 compilation: enabled

Compilation events (10 events):
Event: 3.335 Thread 0x0000000022aba800 nmethod 3418 0x00000000030ca650 code [0x00000000030ca7c0, 0x00000000030caa30]
Event: 3.335 Thread 0x0000000022aba800 3419       3       java.nio.DirectByteBuffer::ix (10 bytes)
Event: 3.335 Thread 0x0000000022aba800 nmethod 3419 0x00000000030ca350 code [0x00000000030ca4a0, 0x00000000030ca5f0]
Event: 3.335 Thread 0x0000000022aa8800 nmethod 3417 0x00000000030c9690 code [0x00000000030c9800, 0x00000000030c9ed8]
Event: 3.335 Thread 0x0000000022aba800 3421       3       java.nio.DirectByteBuffer::put (18 bytes)
Event: 3.336 Thread 0x0000000022aba800 nmethod 3421 0x00000000030cbed0 code [0x00000000030cc040, 0x00000000030cc2b0]
Event: 3.336 Thread 0x0000000022aba800 3422       1       java.nio.DirectByteBuffer::ix (10 bytes)
Event: 3.336 Thread 0x0000000022aba800 nmethod 3422 0x00000000030c93d0 code [0x00000000030c9520, 0x00000000030c9630]
Event: 3.348 Thread 0x0000000022aa3800 3423       4       java.util.concurrent.ConcurrentHashMap::addCount (292 bytes)
Event: 3.352 Thread 0x0000000022aa3800 nmethod 3423 0x00000000030de350 code [0x00000000030de4c0, 0x00000000030de710]

GC Heap History (8 events):
Event: 1.316 GC heap before
{Heap before GC invocations=1 (full 0):
 PSYoungGen      total 114688K, used 98304K [0x0000000740800000, 0x0000000748800000, 0x00000007c0000000)
  eden space 98304K, 100% used [0x0000000740800000,0x0000000746800000,0x0000000746800000)
  from space 16384K, 0% used [0x0000000747800000,0x0000000747800000,0x0000000748800000)
  to   space 16384K, 0% used [0x0000000746800000,0x0000000746800000,0x0000000747800000)
 ParOldGen       total 262144K, used 0K [0x0000000641800000, 0x0000000651800000, 0x0000000740800000)
  object space 262144K, 0% used [0x0000000641800000,0x0000000641800000,0x0000000651800000)
 Metaspace       used 11706K, capacity 11860K, committed 12160K, reserved 1060864K
  class space    used 1499K, capacity 1558K, committed 1664K, reserved 1048576K
Event: 1.331 GC heap after
Heap after GC invocations=1 (full 0):
 PSYoungGen      total 114688K, used 16371K [0x0000000740800000, 0x000000074e800000, 0x00000007c0000000)
  eden space 98304K, 0% used [0x0000000740800000,0x0000000740800000,0x0000000746800000)
  from space 16384K, 99% used [0x0000000746800000,0x00000007477fce60,0x0000000747800000)
  to   space 16384K, 0% used [0x000000074d800000,0x000000074d800000,0x000000074e800000)
 ParOldGen       total 262144K, used 2406K [0x0000000641800000, 0x0000000651800000, 0x0000000740800000)
  object space 262144K, 0% used [0x0000000641800000,0x0000000641a59850,0x0000000651800000)
 Metaspace       used 11706K, capacity 11860K, committed 12160K, reserved 1060864K
  class space    used 1499K, capacity 1558K, committed 1664K, reserved 1048576K
}
Event: 2.902 GC heap before
{Heap before GC invocations=2 (full 0):
 PSYoungGen      total 114688K, used 114675K [0x0000000740800000, 0x000000074e800000, 0x00000007c0000000)
  eden space 98304K, 100% used [0x0000000740800000,0x0000000746800000,0x0000000746800000)
  from space 16384K, 99% used [0x0000000746800000,0x00000007477fce60,0x0000000747800000)
  to   space 16384K, 0% used [0x000000074d800000,0x000000074d800000,0x000000074e800000)
 ParOldGen       total 262144K, used 2406K [0x0000000641800000, 0x0000000651800000, 0x0000000740800000)
  object space 262144K, 0% used [0x0000000641800000,0x0000000641a59850,0x0000000651800000)
 Metaspace       used 20169K, capacity 20446K, committed 20608K, reserved 1067008K
  class space    used 2580K, capacity 2657K, committed 2688K, reserved 1048576K
Event: 2.924 GC heap after
Heap after GC invocations=2 (full 0):
 PSYoungGen      total 212992K, used 16377K [0x0000000740800000, 0x000000074e800000, 0x00000007c0000000)
  eden space 196608K, 0% used [0x0000000740800000,0x0000000740800000,0x000000074c800000)
  from space 16384K, 99% used [0x000000074d800000,0x000000074e7fe640,0x000000074e800000)
  to   space 16384K, 0% used [0x000000074c800000,0x000000074c800000,0x000000074d800000)
 ParOldGen       total 262144K, used 9919K [0x0000000641800000, 0x0000000651800000, 0x0000000740800000)
  object space 262144K, 3% used [0x0000000641800000,0x00000006421afd58,0x0000000651800000)
 Metaspace       used 20169K, capacity 20446K, committed 20608K, reserved 1067008K
  class space    used 2580K, capacity 2657K, committed 2688K, reserved 1048576K
}
Event: 3.227 GC heap before
{Heap before GC invocations=3 (full 0):
 PSYoungGen      total 212992K, used 25412K [0x0000000740800000, 0x000000074e800000, 0x00000007c0000000)
  eden space 196608K, 4% used [0x0000000740800000,0x00000007410d2b58,0x000000074c800000)
  from space 16384K, 99% used [0x000000074d800000,0x000000074e7fe640,0x000000074e800000)
  to   space 16384K, 0% used [0x000000074c800000,0x000000074c800000,0x000000074d800000)
 ParOldGen       total 262144K, used 9919K [0x0000000641800000, 0x0000000651800000, 0x0000000740800000)
  object space 262144K, 3% used [0x0000000641800000,0x00000006421afd58,0x0000000651800000)
 Metaspace       used 20844K, capacity 21086K, committed 21248K, reserved 1067008K
  class space    used 2650K, capacity 2721K, committed 2816K, reserved 1048576K
Event: 3.240 GC heap after
Heap after GC invocations=3 (full 0):
 PSYoungGen      total 212992K, used 16352K [0x0000000740800000, 0x000000075a800000, 0x00000007c0000000)
  eden space 196608K, 0% used [0x0000000740800000,0x0000000740800000,0x000000074c800000)
  from space 16384K, 99% used [0x000000074c800000,0x000000074d7f82a0,0x000000074d800000)
  to   space 16384K, 0% used [0x0000000759800000,0x0000000759800000,0x000000075a800000)
 ParOldGen       total 262144K, used 10373K [0x0000000641800000, 0x0000000651800000, 0x0000000740800000)
  object space 262144K, 3% used [0x0000000641800000,0x00000006422216d8,0x0000000651800000)
 Metaspace       used 20844K, capacity 21086K, committed 21248K, reserved 1067008K
  class space    used 2650K, capacity 2721K, committed 2816K, reserved 1048576K
}
Event: 3.240 GC heap before
{Heap before GC invocations=4 (full 1):
 PSYoungGen      total 212992K, used 16352K [0x0000000740800000, 0x000000075a800000, 0x00000007c0000000)
  eden space 196608K, 0% used [0x0000000740800000,0x0000000740800000,0x000000074c800000)
  from space 16384K, 99% used [0x000000074c800000,0x000000074d7f82a0,0x000000074d800000)
  to   space 16384K, 0% used [0x0000000759800000,0x0000000759800000,0x000000075a800000)
 ParOldGen       total 262144K, used 10373K [0x0000000641800000, 0x0000000651800000, 0x0000000740800000)
  object space 262144K, 3% used [0x0000000641800000,0x00000006422216d8,0x0000000651800000)
 Metaspace       used 20844K, capacity 21086K, committed 21248K, reserved 1067008K
  class space    used 2650K, capacity 2721K, committed 2816K, reserved 1048576K
Event: 3.309 GC heap after
Heap after GC invocations=4 (full 1):
 PSYoungGen      total 212992K, used 0K [0x0000000740800000, 0x000000075a800000, 0x00000007c0000000)
  eden space 196608K, 0% used [0x0000000740800000,0x0000000740800000,0x000000074c800000)
  from space 16384K, 0% used [0x000000074c800000,0x000000074c800000,0x000000074d800000)
  to   space 16384K, 0% used [0x0000000759800000,0x0000000759800000,0x000000075a800000)
 ParOldGen       total 175104K, used 18380K [0x0000000641800000, 0x000000064c300000, 0x0000000740800000)
  object space 175104K, 10% used [0x0000000641800000,0x00000006429f33b0,0x000000064c300000)
 Metaspace       used 20844K, capacity 21086K, committed 21248K, reserved 1067008K
  class space    used 2650K, capacity 2721K, committed 2816K, reserved 1048576K
}

Deoptimization events (10 events):
Event: 2.466 Thread 0x0000000002506000 Uncommon trap: reason=unstable_if action=reinterpret pc=0x0000000002ebbf6c method=org.eclipse.emf.common.notify.impl.BasicNotifierImpl$EAdapterList.data()[Ljava/lang/Object; @ 16
Event: 2.469 Thread 0x0000000002506000 Uncommon trap: reason=class_check action=maybe_recompile pc=0x0000000002d2353c method=org.eclipse.xtext.nodemodel.impl.NodeModelBuilder.addChild(Lorg/eclipse/xtext/nodemodel/ICompositeNode;Lorg/eclipse/xtext/nodemodel/impl/AbstractNode;)V @ 6
Event: 2.473 Thread 0x0000000002506000 Uncommon trap: reason=unstable_if action=reinterpret pc=0x0000000002ec5b58 method=org.eclipse.emf.common.notify.impl.BasicNotifierImpl$EAdapterList.getAdapterForType(Ljava/lang/Object;)Lorg/eclipse/emf/common/notify/Adapter; @ 50
Event: 2.490 Thread 0x0000000002506000 Uncommon trap: reason=unstable_if action=reinterpret pc=0x0000000002ec50c8 method=org.eclipse.emf.common.notify.impl.BasicNotifierImpl$EAdapterList.getAdapterForType(Ljava/lang/Object;)Lorg/eclipse/emf/common/notify/Adapter; @ 50
Event: 2.490 Thread 0x0000000002506000 Uncommon trap: reason=unstable_if action=reinterpret pc=0x0000000002ebedc4 method=org.eclipse.emf.common.notify.impl.BasicNotifierImpl$EAdapterList.data()[Ljava/lang/Object; @ 16
Event: 2.516 Thread 0x0000000002506000 Uncommon trap: reason=class_check action=maybe_recompile pc=0x0000000002d0fb08 method=org.eclipse.xtext.nodemodel.impl.NodeModelBuilder.addChild(Lorg/eclipse/xtext/nodemodel/ICompositeNode;Lorg/eclipse/xtext/nodemodel/impl/AbstractNode;)V @ 6
Event: 2.595 Thread 0x0000000002506000 Uncommon trap: reason=unstable_if action=reinterpret pc=0x0000000002b59a34 method=java.util.concurrent.ConcurrentHashMap.putVal(Ljava/lang/Object;Ljava/lang/Object;Z)Ljava/lang/Object; @ 181
Event: 3.220 Thread 0x0000000002506000 Uncommon trap: reason=unstable_if action=reinterpret pc=0x00000000027fb70c method=sun.nio.cs.UTF_8$Encoder.encode([CII[B)I @ 33
Event: 3.310 Thread 0x0000000002506000 Uncommon trap: reason=unstable_if action=reinterpret pc=0x00000000027b1f1c method=java.lang.ThreadLocal$ThreadLocalMap.getEntry(Ljava/lang/ThreadLocal;)Ljava/lang/ThreadLocal$ThreadLocalMap$Entry; @ 29
Event: 3.311 Thread 0x0000000002506000 Uncommon trap: reason=unstable_if action=reinterpret pc=0x00000000027b1aec method=java.lang.ThreadLocal$ThreadLocalMap.getEntry(Ljava/lang/ThreadLocal;)Ljava/lang/ThreadLocal$ThreadLocalMap$Entry; @ 29

Classes redefined (0 events):
No events

Internal exceptions (10 events):
Event: 2.477 Thread 0x0000000002506000 Exception <a 'java/io/FileNotFoundException'> (0x0000000744ab7d70) thrown at [C:\jenkins\workspace\8-2-build-windows-amd64-cygwin\jdk8u251\737\hotspot\src\share\vm\prims\jni.cpp, line 710]
Event: 2.734 Thread 0x0000000002506000 Exception <a 'java/lang/reflect/InvocationTargetException'> (0x0000000745a315f0) thrown at [C:\jenkins\workspace\8-2-build-windows-amd64-cygwin\jdk8u251\737\hotspot\src\share\vm\runtime\reflection.cpp, line 1092]
Event: 2.735 Thread 0x0000000002506000 Exception <a 'java/lang/reflect/InvocationTargetException'> (0x0000000745a4a4c8) thrown at [C:\jenkins\workspace\8-2-build-windows-amd64-cygwin\jdk8u251\737\hotspot\src\share\vm\runtime\reflection.cpp, line 1092]
Event: 2.736 Thread 0x0000000002506000 Exception <a 'java/lang/reflect/InvocationTargetException'> (0x0000000745a63488) thrown at [C:\jenkins\workspace\8-2-build-windows-amd64-cygwin\jdk8u251\737\hotspot\src\share\vm\runtime\reflection.cpp, line 1092]
Event: 3.342 Thread 0x0000000002506000 Exception <a 'java/security/PrivilegedActionException'> (0x0000000740b4cb00) thrown at [C:\jenkins\workspace\8-2-build-windows-amd64-cygwin\jdk8u251\737\hotspot\src\share\vm\prims\jvm.cpp, line 1502]
Event: 3.342 Thread 0x0000000002506000 Exception <a 'java/security/PrivilegedActionException'> (0x0000000740b4e030) thrown at [C:\jenkins\workspace\8-2-build-windows-amd64-cygwin\jdk8u251\737\hotspot\src\share\vm\prims\jvm.cpp, line 1502]
Event: 3.342 Thread 0x0000000002506000 Exception <a 'java/security/PrivilegedActionException'> (0x0000000740b4f460) thrown at [C:\jenkins\workspace\8-2-build-windows-amd64-cygwin\jdk8u251\737\hotspot\src\share\vm\prims\jvm.cpp, line 1502]
Event: 3.342 Thread 0x0000000002506000 Exception <a 'java/security/PrivilegedActionException'> (0x0000000740b50b20) thrown at [C:\jenkins\workspace\8-2-build-windows-amd64-cygwin\jdk8u251\737\hotspot\src\share\vm\prims\jvm.cpp, line 1502]
Event: 3.342 Thread 0x0000000002506000 Exception <a 'java/security/PrivilegedActionException'> (0x0000000740b51f18) thrown at [C:\jenkins\workspace\8-2-build-windows-amd64-cygwin\jdk8u251\737\hotspot\src\share\vm\prims\jvm.cpp, line 1502]
Event: 3.342 Thread 0x0000000002506000 Exception <a 'java/security/PrivilegedActionException'> (0x0000000740b532e0) thrown at [C:\jenkins\workspace\8-2-build-windows-amd64-cygwin\jdk8u251\737\hotspot\src\share\vm\prims\jvm.cpp, line 1502]

Events (10 events):
Event: 3.367 loading class org/lwjgl/openal/ALCdevice
Event: 3.367 loading class org/lwjgl/openal/ALCdevice done
Event: 3.368 loading class org/lwjgl/openal/ALCcontext
Event: 3.368 loading class org/lwjgl/openal/ALCcontext done
Event: 3.368 loading class java/nio/DirectIntBufferU
Event: 3.368 loading class java/nio/DirectIntBufferU done
Event: 3.369 loading class org/lwjgl/openal/Util
Event: 3.369 loading class org/lwjgl/openal/Util done
Event: 3.369 loading class org/lwjgl/openal/OpenALException
Event: 3.369 loading class org/lwjgl/openal/OpenALException done


Dynamic libraries:
0x00007ff663ea0000 - 0x00007ff663ed7000 	C:\Program Files\Java\jre1.8.0_251\bin\javaw.exe
0x00007fff23230000 - 0x00007fff23426000 	C:\WINDOWS\SYSTEM32\ntdll.dll
0x00007fff21610000 - 0x00007fff216cd000 	C:\WINDOWS\System32\KERNEL32.DLL
0x00007fff20d30000 - 0x00007fff20ff8000 	C:\WINDOWS\System32\KERNELBASE.dll
0x00007fff21560000 - 0x00007fff2160a000 	C:\WINDOWS\System32\ADVAPI32.dll
0x00007fff22f10000 - 0x00007fff22fae000 	C:\WINDOWS\System32\msvcrt.dll
0x00007fff23150000 - 0x00007fff231eb000 	C:\WINDOWS\System32\sechost.dll
0x00007fff22de0000 - 0x00007fff22f04000 	C:\WINDOWS\System32\RPCRT4.dll
0x00007fff22b50000 - 0x00007fff22cf0000 	C:\WINDOWS\System32\USER32.dll
0x00007fff21000000 - 0x00007fff21022000 	C:\WINDOWS\System32\win32u.dll
0x00007fff23070000 - 0x00007fff2309a000 	C:\WINDOWS\System32\GDI32.dll
0x00007fff20b90000 - 0x00007fff20c99000 	C:\WINDOWS\System32\gdi32full.dll
0x00007fff21030000 - 0x00007fff210cd000 	C:\WINDOWS\System32\msvcp_win.dll
0x00007fff211a0000 - 0x00007fff212a0000 	C:\WINDOWS\System32\ucrtbase.dll
0x00007fff0b050000 - 0x00007fff0b2eb000 	C:\WINDOWS\WinSxS\amd64_microsoft.windows.common-controls_6595b64144ccf1df_6.0.19041.488_none_ca04af081b815d21\COMCTL32.dll
0x00007fff21450000 - 0x00007fff21480000 	C:\WINDOWS\System32\IMM32.DLL
0x000000006f040000 - 0x000000006f112000 	C:\Program Files\Java\jre1.8.0_251\bin\msvcr100.dll
0x000000006e4e0000 - 0x000000006ed8b000 	C:\Program Files\Java\jre1.8.0_251\bin\server\jvm.dll
0x00007fff21740000 - 0x00007fff21748000 	C:\WINDOWS\System32\PSAPI.DLL
0x00007fff1aa40000 - 0x00007fff1aa4a000 	C:\WINDOWS\SYSTEM32\VERSION.dll
0x00007fff18390000 - 0x00007fff18399000 	C:\WINDOWS\SYSTEM32\WSOCK32.dll
0x00007fff18c80000 - 0x00007fff18ca7000 	C:\WINDOWS\SYSTEM32\WINMM.dll
0x00007fff216d0000 - 0x00007fff2173b000 	C:\WINDOWS\System32\WS2_32.dll
0x00007fff18380000 - 0x00007fff1838f000 	C:\Program Files\Java\jre1.8.0_251\bin\verify.dll
0x00007fff087d0000 - 0x00007fff087f9000 	C:\Program Files\Java\jre1.8.0_251\bin\java.dll
0x00007fff15f50000 - 0x00007fff15f66000 	C:\Program Files\Java\jre1.8.0_251\bin\zip.dll
0x00007fff220b0000 - 0x00007fff227f0000 	C:\WINDOWS\System32\SHELL32.dll
0x00007fff1eaf0000 - 0x00007fff1f284000 	C:\WINDOWS\SYSTEM32\windows.storage.dll
0x00007fff227f0000 - 0x00007fff22b45000 	C:\WINDOWS\System32\combase.dll
0x00007fff203f0000 - 0x00007fff2041c000 	C:\WINDOWS\SYSTEM32\Wldp.dll
0x00007fff230a0000 - 0x00007fff2314e000 	C:\WINDOWS\System32\SHCORE.dll
0x00007fff217b0000 - 0x00007fff21805000 	C:\WINDOWS\System32\shlwapi.dll
0x00007fff208b0000 - 0x00007fff208d6000 	C:\WINDOWS\SYSTEM32\profapi.dll
0x0000000065580000 - 0x0000000065616000 	C:\Users\Nicolas\AppData\Local\Temp\libgdxNicolas\12dfaa03\gdx64.dll
0x00007fff20340000 - 0x00007fff20358000 	C:\WINDOWS\SYSTEM32\CRYPTSP.dll
0x00007fff1fa90000 - 0x00007fff1fac4000 	C:\WINDOWS\system32\rsaenh.dll
0x00007fff20d00000 - 0x00007fff20d27000 	C:\WINDOWS\System32\bcrypt.dll
0x00007fff20870000 - 0x00007fff2089e000 	C:\WINDOWS\SYSTEM32\USERENV.dll
0x00007fff210d0000 - 0x00007fff2114f000 	C:\WINDOWS\System32\bcryptprimitives.dll
0x00007fff20360000 - 0x00007fff2036c000 	C:\WINDOWS\SYSTEM32\CRYPTBASE.dll
0x00007fff0d2e0000 - 0x00007fff0d2fa000 	C:\Program Files\Java\jre1.8.0_251\bin\net.dll
0x00007fff20170000 - 0x00007fff201da000 	C:\WINDOWS\system32\mswsock.dll
0x00007fff1fe10000 - 0x00007fff1fe4b000 	C:\WINDOWS\SYSTEM32\IPHLPAPI.DLL
0x00007fff21a40000 - 0x00007fff21a49000 	C:\WINDOWS\System32\NSI.dll
0x00007fff1a650000 - 0x00007fff1a667000 	C:\WINDOWS\SYSTEM32\dhcpcsvc6.DLL
0x00007fff1a9a0000 - 0x00007fff1a9bd000 	C:\WINDOWS\SYSTEM32\dhcpcsvc.DLL
0x00007fff1fe50000 - 0x00007fff1ff1b000 	C:\WINDOWS\SYSTEM32\DNSAPI.dll
0x00007fff09140000 - 0x00007fff09152000 	C:\Program Files\Java\jre1.8.0_251\bin\nio.dll
0x0000000180000000 - 0x0000000180053000 	C:\Users\Nicolas\AppData\Local\Temp\libgdxNicolas\dc0f0009\lwjgl64.dll
0x00007ffef8510000 - 0x00007ffef8635000 	C:\WINDOWS\SYSTEM32\OPENGL32.dll
0x00007fff0fdf0000 - 0x00007fff0fe1c000 	C:\WINDOWS\SYSTEM32\GLU32.dll
0x0000000028360000 - 0x00000000283c4000 	C:\Users\Nicolas\AppData\Local\Temp\libgdxNicolas\dc0f0009\OpenAL64.dll
0x00007fff212a0000 - 0x00007fff213ca000 	C:\WINDOWS\System32\ole32.dll
0x00007fff1e810000 - 0x00007fff1e822000 	C:\WINDOWS\SYSTEM32\kernel.appcore.dll
0x00007fff1e430000 - 0x00007fff1e4cf000 	C:\WINDOWS\system32\uxtheme.dll
0x00007fff22fb0000 - 0x00007fff23059000 	C:\WINDOWS\System32\clbcatq.dll
0x00007fff02540000 - 0x00007fff025dc000 	C:\WINDOWS\SYSTEM32\dsound.dll
0x00007fff0b020000 - 0x00007fff0b046000 	C:\WINDOWS\SYSTEM32\winmmbase.dll
0x00007fff1ff30000 - 0x00007fff1ff7b000 	C:\WINDOWS\SYSTEM32\powrprof.dll
0x00007fff1fdf0000 - 0x00007fff1fe02000 	C:\WINDOWS\SYSTEM32\UMPDC.dll
0x00007fff1a6f0000 - 0x00007fff1a775000 	C:\WINDOWS\System32\MMDevApi.dll
0x00007fff20730000 - 0x00007fff2075c000 	C:\WINDOWS\System32\DEVOBJ.dll
0x00007fff21150000 - 0x00007fff2119e000 	C:\WINDOWS\System32\cfgmgr32.dll
0x00007fff1a780000 - 0x00007fff1a901000 	C:\WINDOWS\SYSTEM32\AUDIOSES.DLL
0x00007fff21fe0000 - 0x00007fff220ad000 	C:\WINDOWS\System32\OLEAUT32.dll
0x00007fff1b0c0000 - 0x00007fff1b2a4000 	C:\WINDOWS\SYSTEM32\dbghelp.dll

VM Arguments:
jvm_args: -Duser.language=es_ES -Dfile.encoding=UTF-8 
java_command: org.uqbar.project.wollok.launch.WollokLauncher -requestsPort 0 -eventsPort 0 -folder -dontValidate -wf src/game.wpgm -darkMode
java_class_path (initial): C:\Users\Nicolas\Desktop\UNSAM\Algoritmos I\Wollok\workspace\git\2020s2-tp-juego-estonoescocapapi\bin;C:\Users\Nicolas\Desktop\UNSAM\Algoritmos I\Wollok\plugins\com.ibm.icu_64.2.0.v20190507-1337.jar;C:\Users\Nicolas\Desktop\UNSAM\Algoritmos I\Wollok\plugins\org.eclipse.xtext_2.20.0.v20191202-0915.jar;C:\Users\Nicolas\Desktop\UNSAM\Algoritmos I\Wollok\plugins\org.eclipse.emf.ecore.xmi_2.16.0.v20190528-0725.jar;C:\Users\Nicolas\Desktop\UNSAM\Algoritmos I\Wollok\plugins\org.eclipse.emf.ecore_2.20.0.v20190920-0401.jar;C:\Users\Nicolas\Desktop\UNSAM\Algoritmos I\Wollok\plugins\org.eclipse.emf.common_2.17.0.v20190920-0401.jar;C:\Users\Nicolas\Desktop\UNSAM\Algoritmos I\Wollok\plugins\org.antlr.runtime_3.2.0.v201101311130.jar;C:\Users\Nicolas\Desktop\UNSAM\Algoritmos I\Wollok\plugins\com.google.inject_3.0.0.v201605172100.jar;C:\Users\Nicolas\Desktop\UNSAM\Algoritmos I\Wollok\plugins\org.eclipse.emf.mwe.core_1.5.1.v20191121-1148.jar;C:\Users\Nicolas\Desktop\UNSAM\Algoritmos I\Wollok\plugins\org.apache.commons.cli_1.2.0.v201404270220.jar;C:\Users\Nicolas\Desktop\UNSAM\Algoritmos I\Wollok\plugins\org.eclipse.emf.mwe2.runtime_2.11.1.v20191121-1148.jar;C:\Users\Nicolas\Desktop\UNSAM\Algoritmos I\Wollok\plugins\org.eclipse.emf.mwe.utils_1.5.1.v20191121-1148.jar;C:\Users\Nicolas\Desktop\UNSAM\Algoritmos I\Wollok\plugins\org.eclipse.xtext.util_2.20.0.v20191202-0915.jar;C:\Users\Nicolas\Desktop\UNSAM\Algoritmos I\Wollok\plugins\com.google.guava_27.1.0.v20190517-1946.jar;C:\Users\Nicolas\Desktop\UNSAM\Algoritmos I\Wollok\plugins\javax.inject_1.0.0.v20091030.jar;C:\Users\Nicolas\Desktop\UNSAM\Algoritmos I\Wollok\plugins\org.eclipse.xtext.generator_2.20.0.v20191202-0933.jar;C:\Users\Nicolas\Desktop\UNSAM\Algoritmos I\Wollok\plugins\org.eclipse.xtext.xtext.generator_2.20.0.v20191202-0915.jar;C:\Users\Nicolas\Desktop\UNSAM\Algoritmos I\Wollok\plugins\org.eclipse.xtext.xbase.lib_2.20.0.v20191202-0907.jar;C:\Users\Nicolas\Desktop\UNSAM\Algoritmos I\Wollok\plug
Launcher Type: SUN_STANDARD

Environment Variables:
PATH=C:/Program Files/Java/jre1.8.0_251/bin/server;C:/Program Files/Java/jre1.8.0_251/bin;C:/Program Files/Java/jre1.8.0_251/lib/amd64;C:\Program Files (x86)\NVIDIA Corporation\PhysX\Common;C:\Program Files (x86)\Common Files\Oracle\Java\javapath;C:\WINDOWS\system32;C:\WINDOWS;C:\WINDOWS\System32\Wbem;C:\WINDOWS\System32\WindowsPowerShell\v1.0\;C:\WINDOWS\System32\OpenSSH\;C:\Users\Nicolas\AppData\Local\Programs\Python\Python38-32\Scripts\;C:\Users\Nicolas\AppData\Local\Programs\Python\Python38-32\;C:\Program Files (x86)\NVIDIA Corporation\PhysX\Common;C:\Program Files (x86)\Common Files\Oracle\Java\javapath;C:\Windows\system32;C:\Windows;C:\Windows\System32\Wbem;C:\Windows\System32\WindowsPowerShell\v1.0\;C:\Windows\System32\OpenSSH\;C:\Users\Nicolas\AppData\Local\Microsoft\WindowsApps;C:\Users\Nicolas\AppData\Local\Programs\Microsoft VS Code\bin;C:\Python34\Scripts;C:\Users\Nicolas\AppData\Local\Microsoft\WindowsApps;;C:\Users\Nicolas\Desktop\UNSAM\Algoritmos I\Wollok;
USERNAME=Nicolas
OS=Windows_NT
PROCESSOR_IDENTIFIER=AMD64 Family 21 Model 2 Stepping 0, AuthenticAMD



---------------  S Y S T E M  ---------------

OS: Windows 10.0 , 64 bit Build 19041 (10.0.19041.546)

CPU:total 8 (initial active 8) (8 cores per cpu, 1 threads per core) family 21 model 2 stepping 0, cmov, cx8, fxsr, mmx, sse, sse2, sse3, ssse3, sse4.1, sse4.2, popcnt, avx, aes, clmul, mmxext, 3dnowpref, lzcnt, sse4a, tsc, tscinvbit, tscinv, bmi1

Memory: 4k page, physical 25063508k(19469720k free), swap 28733524k(18738680k free)

vm_info: Java HotSpot(TM) 64-Bit Server VM (25.251-b08) for windows-amd64 JRE (1.8.0_251-b08), built on Mar 12 2020 06:31:49 by "" with MS VC++ 10.0 (VS2010)

time: Sun Nov 08 16:26:08 2020
timezone: Hora estándar de Argentina
elapsed time: 3 seconds (0d 0h 0m 3s)

