#
# A fatal error has been detected by the Java Runtime Environment:
#
#  EXCEPTION_ACCESS_VIOLATION (0xc0000005) at pc=0x0000000029021066, pid=13040, tid=0x0000000000001ed8
#
# JRE version: Java(TM) SE Runtime Environment (8.0_251-b08) (build 1.8.0_251-b08)
# Java VM: Java HotSpot(TM) 64-Bit Server VM (25.251-b08 mixed mode windows-amd64 compressed oops)
# Problematic frame:
# C  [OpenAL64.dll+0x11066]
#
# Failed to write core dump. Minidumps are not enabled by default on client versions of Windows
#
# If you would like to submit a bug report, please visit:
#   http://bugreport.java.com/bugreport/crash.jsp
# The crash happened outside the Java Virtual Machine in native code.
# See problematic frame for where to report the bug.
#

---------------  T H R E A D  ---------------

Current thread (0x0000000003316000):  JavaThread "main" [_thread_in_native, id=7896, stack(0x0000000003210000,0x0000000003310000)]

siginfo: ExceptionCode=0xc0000005, reading address 0x0000000026be0004

Registers:
RAX=0x000000000002ffff, RBX=0x0000000029300090, RCX=0x0000000026be0008, RDX=0x0000000026be0004
RSP=0x000000000330b870, RBP=0x00000000000000ff, RSI=0x0000000026bd224c, RDI=0x0000000000000000
R8 =0x000000000000376e, R9 =0x0000000026bd224c, R10=0x00000000034285fb, R11=0x00000000551cd040
R12=0x0000000000000001, R13=0x0000000028e65178, R14=0x000000000330ba10, R15=0x0000000003316000
RIP=0x0000000029021066, EFLAGS=0x0000000000010202

Top of Stack: (sp=0x000000000330b870)
0x000000000330b870:   0000000000000000 0000000023af46e0
0x000000000330b880:   0000000003207b90 0000000003316000
0x000000000330b890:   0000000028e65178 0000000000000000
0x000000000330b8a0:   0000000003316000 0000000003207b90
0x000000000330b8b0:   0000000028e65178 000000000330ba10
0x000000000330b8c0:   000000000320ef70 000000005505c4a6
0x000000000330b8d0:   000000000330c1a8 0000000003316b90
0x000000000330b8e0:   0000000003316000 000000000330ba10
0x000000000330b8f0:   0000000028e65178 0000000000000000
0x000000000330b900:   0000000026bd224c 0000000000000248
0x000000000330b910:   000000000330b9d8 000000002902248f
0x000000000330b920:   0000000029300090 0000000029300090
0x000000000330b930:   000000000000ac44 000000000002ffff
0x000000000330b940:   0000000003417e70 0000000003428627
0x000000000330b950:   0000000028e65178 0000000003417e70
0x000000000330b960:   0000000003417e70 000000000342836b 

Instructions: (pc=0x0000000029021066)
0x0000000029021046:   41 2b ec 81 3a 03 00 02 00 75 09 8b 01 89 84 24
0x0000000029021056:   c8 00 00 00 49 83 c0 02 48 83 c1 08 4a 8d 14 86
0x0000000029021066:   39 3a 75 af 4c 8d 84 24 c0 00 00 00 48 8d 15 d7
0x0000000029021076:   2b 03 00 33 c9 e8 58 5f 00 00 b8 40 1f 00 00 4c 


Register to memory mapping:

RAX=0x000000000002ffff is an unknown value
RBX=0x0000000029300090 is an unknown value
RCX=0x0000000026be0008 is an unknown value
RDX=0x0000000026be0004 is an unknown value
RSP=0x000000000330b870 is pointing into the stack for thread: 0x0000000003316000
RBP=0x00000000000000ff is an unknown value
RSI=0x0000000026bd224c is an unknown value
RDI=0x0000000000000000 is an unknown value
R8 =0x000000000000376e is an unknown value
R9 =0x0000000026bd224c is an unknown value
R10=0x00000000034285fb is at code_begin+891 in an Interpreter codelet
method entry point (kind = native)  [0x0000000003428280, 0x0000000003428c40]  2496 bytes
R11=0x00000000551cd040 is an unknown value
R12=0x0000000000000001 is an unknown value
R13={method} {0x0000000028e65180} 'nalcCreateContext' '(JJ)J' in 'org/lwjgl/openal/ALC10'
R14=0x000000000330ba10 is pointing into the stack for thread: 0x0000000003316000
R15=0x0000000003316000 is a thread


Stack: [0x0000000003210000,0x0000000003310000],  sp=0x000000000330b870,  free space=1006k
Native frames: (J=compiled Java code, j=interpreted, Vv=VM code, C=native code)
C  [OpenAL64.dll+0x11066]
C  [OpenAL64.dll+0x1248f]
C  0x0000000003428627

Java frames: (J=compiled Java code, j=interpreted, Vv=VM code)
j  org.lwjgl.openal.ALC10.nalcCreateContext(JJ)J+0
j  org.lwjgl.openal.ALC10.alcCreateContext(Lorg/lwjgl/openal/ALCdevice;Ljava/nio/IntBuffer;)Lorg/lwjgl/openal/ALCcontext;+8
j  org.lwjgl.openal.AL.init(Ljava/lang/String;IIZZ)V+69
j  org.lwjgl.openal.AL.create(Ljava/lang/String;IIZZ)V+246
j  org.lwjgl.openal.AL.create(Ljava/lang/String;IIZ)V+5
j  org.lwjgl.openal.AL.create()V+6
j  com.badlogic.gdx.backends.lwjgl.audio.OpenALAudio.<init>(III)V+114
j  com.badlogic.gdx.backends.lwjgl.LwjglApplication.<init>(Lcom/badlogic/gdx/ApplicationListener;Lcom/badlogic/gdx/backends/lwjgl/LwjglApplicationConfiguration;Lcom/badlogic/gdx/backends/lwjgl/LwjglGraphics;)V+120
j  com.badlogic.gdx.backends.lwjgl.LwjglApplication.<init>(Lcom/badlogic/gdx/ApplicationListener;Lcom/badlogic/gdx/backends/lwjgl/LwjglApplicationConfiguration;)V+11
j  org.uqbar.project.wollok.game.gameboard.WollokGDXApplication.<init>(Lorg/uqbar/project/wollok/game/gameboard/Gameboard;Ljava/lang/Boolean;)V+17
j  org.uqbar.project.wollok.game.helpers.Application.start(Lorg/uqbar/project/wollok/game/gameboard/Gameboard;Ljava/lang/Boolean;)V+5
j  org.uqbar.project.wollok.game.gameboard.Gameboard.start(Ljava/lang/Boolean;)V+13
j  wollok.game.GameObject.doStart(Ljava/lang/Boolean;)V+12
v  ~StubRoutines::call_stub
J 3558  sun.reflect.NativeMethodAccessorImpl.invoke0(Ljava/lang/reflect/Method;Ljava/lang/Object;[Ljava/lang/Object;)Ljava/lang/Object; (0 bytes) @ 0x0000000003f5397f [0x0000000003f53900+0x7f]
J 3557 C1 sun.reflect.NativeMethodAccessorImpl.invoke(Ljava/lang/Object;[Ljava/lang/Object;)Ljava/lang/Object; (104 bytes) @ 0x0000000003f7213c [0x0000000003f70f40+0x11fc]
J 3518 C2 java.lang.reflect.Method.invoke(Ljava/lang/Object;[Ljava/lang/Object;)Ljava/lang/Object; (62 bytes) @ 0x0000000003f3c8d4 [0x0000000003f3c800+0xd4]
j  org.uqbar.project.wollok.ui.utils.XTendUtilExtensions.invokeConvertingArgs(Ljava/lang/reflect/Method;Ljava/lang/Object;[Ljava/lang/Object;)Lorg/uqbar/project/wollok/interpreter/core/WollokObject;+261
j  org.uqbar.project.wollok.interpreter.AbstractWollokCallable._invokeNative(Ljava/lang/Object;Ljava/lang/String;[Lorg/uqbar/project/wollok/interpreter/core/WollokObject;)Lorg/uqbar/project/wollok/interpreter/core/WollokObject;+41
j  org.uqbar.project.wollok.interpreter.AbstractWollokCallable.invokeNative(Ljava/lang/Object;Ljava/lang/String;[Lorg/uqbar/project/wollok/interpreter/core/WollokObject;)Lorg/uqbar/project/wollok/interpreter/core/WollokObject;+26
J 3570 C1 org.uqbar.project.wollok.interpreter.AbstractWollokCallable$1.apply()Lorg/uqbar/project/wollok/interpreter/core/WollokObject; (145 bytes) @ 0x0000000003f816fc [0x0000000003f81080+0x67c]
J 3569 C1 org.uqbar.project.wollok.interpreter.AbstractWollokCallable$1.apply()Ljava/lang/Object; (5 bytes) @ 0x0000000003f80bcc [0x0000000003f80b40+0x8c]
J 3326 C1 org.uqbar.project.wollok.interpreter.threads.WThread.performOnStack(Lorg/eclipse/emf/ecore/EObject;Lorg/uqbar/project/wollok/interpreter/context/EvaluationContext;Lorg/eclipse/xtext/xbase/lib/Functions$Function0;)Lorg/uqbar/project/wollok/interpreter/core/WollokObject; (157 bytes) @ 0x0000000003eadec4 [0x0000000003eadb80+0x344]
J 3552 C1 org.uqbar.project.wollok.interpreter.AbstractWollokCallable.call(Lorg/uqbar/project/wollok/wollokDsl/WMethodDeclaration;[Lorg/uqbar/project/wollok/interpreter/core/WollokObject;)Lorg/uqbar/project/wollok/interpreter/core/WollokObject; (46 bytes) @ 0x0000000003f7bdac [0x0000000003f7b0a0+0xd0c]
J 3442 C1 org.uqbar.project.wollok.interpreter.core.WollokObject.call(Ljava/lang/String;[Lorg/uqbar/project/wollok/interpreter/core/WollokObject;)Lorg/uqbar/project/wollok/interpreter/core/WollokObject; (61 bytes) @ 0x0000000003effc0c [0x0000000003eff540+0x6cc]
j  org.uqbar.project.wollok.interpreter.WollokInterpreterEvaluator._evaluate(Lorg/uqbar/project/wollok/wollokDsl/WFeatureCall;)Lorg/uqbar/project/wollok/interpreter/core/WollokObject;+119
J 3271 C1 org.uqbar.project.wollok.launch.WollokLauncherInterpreterEvaluator.evaluate(Lorg/eclipse/emf/ecore/EObject;)Lorg/uqbar/project/wollok/interpreter/core/WollokObject; (502 bytes) @ 0x0000000003e68e6c [0x0000000003e64c80+0x41ec]
J 3272 C1 org.uqbar.project.wollok.interpreter.WollokInterpreter.eval(Lorg/eclipse/emf/ecore/EObject;)Lorg/uqbar/project/wollok/interpreter/core/WollokObject; (190 bytes) @ 0x0000000003e7acec [0x0000000003e7a2c0+0xa2c]
J 3303 C1 org.uqbar.project.wollok.interpreter.WollokInterpreterEvaluator.eval(Lorg/eclipse/emf/ecore/EObject;)Lorg/uqbar/project/wollok/interpreter/core/WollokObject; (9 bytes) @ 0x0000000003e8b844 [0x0000000003e8b7c0+0x84]
j  org.uqbar.project.wollok.interpreter.WollokInterpreterEvaluator$1.apply(Lorg/uqbar/project/wollok/interpreter/core/WollokObject;Lorg/eclipse/emf/ecore/EObject;)Lorg/uqbar/project/wollok/interpreter/core/WollokObject;+5
j  org.uqbar.project.wollok.interpreter.WollokInterpreterEvaluator$1.apply(Ljava/lang/Object;Ljava/lang/Object;)Ljava/lang/Object;+9
J 3395 C1 org.eclipse.xtext.xbase.lib.IterableExtensions.fold(Ljava/lang/Iterable;Ljava/lang/Object;Lorg/eclipse/xtext/xbase/lib/Functions$Function2;)Ljava/lang/Object; (12 bytes) @ 0x0000000003eded6c [0x0000000003edeac0+0x2ac]
j  org.uqbar.project.wollok.interpreter.WollokInterpreterEvaluator.evalAll(Ljava/lang/Iterable;)Lorg/uqbar/project/wollok/interpreter/core/WollokObject;+12
j  org.uqbar.project.wollok.interpreter.WollokInterpreterEvaluator._evaluate(Lorg/uqbar/project/wollok/wollokDsl/WBlockExpression;)Lorg/uqbar/project/wollok/interpreter/core/WollokObject;+34
J 3271 C1 org.uqbar.project.wollok.launch.WollokLauncherInterpreterEvaluator.evaluate(Lorg/eclipse/emf/ecore/EObject;)Lorg/uqbar/project/wollok/interpreter/core/WollokObject; (502 bytes) @ 0x0000000003e6c72c [0x0000000003e64c80+0x7aac]
J 3272 C1 org.uqbar.project.wollok.interpreter.WollokInterpreter.eval(Lorg/eclipse/emf/ecore/EObject;)Lorg/uqbar/project/wollok/interpreter/core/WollokObject; (190 bytes) @ 0x0000000003e7acec [0x0000000003e7a2c0+0xa2c]
J 3570 C1 org.uqbar.project.wollok.interpreter.AbstractWollokCallable$1.apply()Lorg/uqbar/project/wollok/interpreter/core/WollokObject; (145 bytes) @ 0x0000000003f81a44 [0x0000000003f81080+0x9c4]
J 3569 C1 org.uqbar.project.wollok.interpreter.AbstractWollokCallable$1.apply()Ljava/lang/Object; (5 bytes) @ 0x0000000003f80bcc [0x0000000003f80b40+0x8c]
J 3326 C1 org.uqbar.project.wollok.interpreter.threads.WThread.performOnStack(Lorg/eclipse/emf/ecore/EObject;Lorg/uqbar/project/wollok/interpreter/context/EvaluationContext;Lorg/eclipse/xtext/xbase/lib/Functions$Function0;)Lorg/uqbar/project/wollok/interpreter/core/WollokObject; (157 bytes) @ 0x0000000003eadec4 [0x0000000003eadb80+0x344]
J 3552 C1 org.uqbar.project.wollok.interpreter.AbstractWollokCallable.call(Lorg/uqbar/project/wollok/wollokDsl/WMethodDeclaration;[Lorg/uqbar/project/wollok/interpreter/core/WollokObject;)Lorg/uqbar/project/wollok/interpreter/core/WollokObject; (46 bytes) @ 0x0000000003f7bdac [0x0000000003f7b0a0+0xd0c]
J 3442 C1 org.uqbar.project.wollok.interpreter.core.WollokObject.call(Ljava/lang/String;[Lorg/uqbar/project/wollok/interpreter/core/WollokObject;)Lorg/uqbar/project/wollok/interpreter/core/WollokObject; (61 bytes) @ 0x0000000003effc0c [0x0000000003eff540+0x6cc]
j  org.uqbar.project.wollok.interpreter.WollokInterpreterEvaluator._evaluate(Lorg/uqbar/project/wollok/wollokDsl/WFeatureCall;)Lorg/uqbar/project/wollok/interpreter/core/WollokObject;+119
J 3271 C1 org.uqbar.project.wollok.launch.WollokLauncherInterpreterEvaluator.evaluate(Lorg/eclipse/emf/ecore/EObject;)Lorg/uqbar/project/wollok/interpreter/core/WollokObject; (502 bytes) @ 0x0000000003e68e6c [0x0000000003e64c80+0x41ec]
J 3272 C1 org.uqbar.project.wollok.interpreter.WollokInterpreter.eval(Lorg/eclipse/emf/ecore/EObject;)Lorg/uqbar/project/wollok/interpreter/core/WollokObject; (190 bytes) @ 0x0000000003e7acec [0x0000000003e7a2c0+0xa2c]
J 3303 C1 org.uqbar.project.wollok.interpreter.WollokInterpreterEvaluator.eval(Lorg/eclipse/emf/ecore/EObject;)Lorg/uqbar/project/wollok/interpreter/core/WollokObject; (9 bytes) @ 0x0000000003e8b844 [0x0000000003e8b7c0+0x84]
j  org.uqbar.project.wollok.interpreter.WollokInterpreterEvaluator$1.apply(Lorg/uqbar/project/wollok/interpreter/core/WollokObject;Lorg/eclipse/emf/ecore/EObject;)Lorg/uqbar/project/wollok/interpreter/core/WollokObject;+5
j  org.uqbar.project.wollok.interpreter.WollokInterpreterEvaluator$1.apply(Ljava/lang/Object;Ljava/lang/Object;)Ljava/lang/Object;+9
j  org.eclipse.xtext.xbase.lib.IteratorExtensions.fold(Ljava/util/Iterator;Ljava/lang/Object;Lorg/eclipse/xtext/xbase/lib/Functions$Function2;)Ljava/lang/Object;+19
j  org.eclipse.xtext.xbase.lib.IterableExtensions.fold(Ljava/lang/Iterable;Ljava/lang/Object;Lorg/eclipse/xtext/xbase/lib/Functions$Function2;)Ljava/lang/Object;+8
j  org.uqbar.project.wollok.interpreter.WollokInterpreterEvaluator.evalAll(Ljava/lang/Iterable;)Lorg/uqbar/project/wollok/interpreter/core/WollokObject;+12
j  org.uqbar.project.wollok.interpreter.WollokInterpreterEvaluator._evaluate(Lorg/uqbar/project/wollok/wollokDsl/WBlockExpression;)Lorg/uqbar/project/wollok/interpreter/core/WollokObject;+34
j  org.uqbar.project.wollok.launch.WollokLauncherInterpreterEvaluator.evaluate(Lorg/eclipse/emf/ecore/EObject;)Lorg/uqbar/project/wollok/interpreter/core/WollokObject;+76
j  org.uqbar.project.wollok.interpreter.WollokInterpreterEvaluator.evaluate(Lorg/eclipse/emf/ecore/EObject;)Ljava/lang/Object;+2
j  org.uqbar.project.wollok.interpreter.WollokInterpreter.eval(Lorg/eclipse/emf/ecore/EObject;)Lorg/uqbar/project/wollok/interpreter/core/WollokObject;+63
j  org.uqbar.project.wollok.interpreter.AbstractWollokCallable.eval(Lorg/eclipse/emf/ecore/EObject;)Lorg/uqbar/project/wollok/interpreter/core/WollokObject;+5
j  org.uqbar.project.wollok.interpreter.AbstractWollokCallable$1.apply()Lorg/uqbar/project/wollok/interpreter/core/WollokObject;+110
j  org.uqbar.project.wollok.interpreter.AbstractWollokCallable$1.apply()Ljava/lang/Object;+1
j  org.uqbar.project.wollok.interpreter.threads.WThread.performOnStack(Lorg/eclipse/emf/ecore/EObject;Lorg/uqbar/project/wollok/interpreter/context/EvaluationContext;Lorg/eclipse/xtext/xbase/lib/Functions$Function0;)Lorg/uqbar/project/wollok/interpreter/core/WollokObject;+29
j  org.uqbar.project.wollok.interpreter.WollokInterpreter.performOnStack(Lorg/eclipse/emf/ecore/EObject;Lorg/uqbar/project/wollok/interpreter/context/EvaluationContext;Lorg/eclipse/xtext/xbase/lib/Functions$Function0;)Lorg/uqbar/project/wollok/interpreter/core/WollokObject;+7
j  org.uqbar.project.wollok.interpreter.AbstractWollokCallable.call(Lorg/uqbar/project/wollok/wollokDsl/WMethodDeclaration;[Lorg/uqbar/project/wollok/interpreter/core/WollokObject;)Lorg/uqbar/project/wollok/interpreter/core/WollokObject;+38
j  org.uqbar.project.wollok.interpreter.core.WollokObject.call(Ljava/lang/String;[Lorg/uqbar/project/wollok/interpreter/core/WollokObject;)Lorg/uqbar/project/wollok/interpreter/core/WollokObject;+55
j  org.uqbar.project.wollok.interpreter.WollokInterpreterEvaluator._evaluate(Lorg/uqbar/project/wollok/wollokDsl/WFeatureCall;)Lorg/uqbar/project/wollok/interpreter/core/WollokObject;+119
j  org.uqbar.project.wollok.launch.WollokLauncherInterpreterEvaluator.evaluate(Lorg/eclipse/emf/ecore/EObject;)Lorg/uqbar/project/wollok/interpreter/core/WollokObject;+412
j  org.uqbar.project.wollok.interpreter.WollokInterpreterEvaluator.evaluate(Lorg/eclipse/emf/ecore/EObject;)Ljava/lang/Object;+2
j  org.uqbar.project.wollok.interpreter.WollokInterpreter.eval(Lorg/eclipse/emf/ecore/EObject;)Lorg/uqbar/project/wollok/interpreter/core/WollokObject;+63
j  org.uqbar.project.wollok.interpreter.WollokInterpreterEvaluator.eval(Lorg/eclipse/emf/ecore/EObject;)Lorg/uqbar/project/wollok/interpreter/core/WollokObject;+5
j  org.uqbar.project.wollok.interpreter.WollokInterpreterEvaluator$1.apply(Lorg/uqbar/project/wollok/interpreter/core/WollokObject;Lorg/eclipse/emf/ecore/EObject;)Lorg/uqbar/project/wollok/interpreter/core/WollokObject;+5
j  org.uqbar.project.wollok.interpreter.WollokInterpreterEvaluator$1.apply(Ljava/lang/Object;Ljava/lang/Object;)Ljava/lang/Object;+9
j  org.eclipse.xtext.xbase.lib.IteratorExtensions.fold(Ljava/util/Iterator;Ljava/lang/Object;Lorg/eclipse/xtext/xbase/lib/Functions$Function2;)Ljava/lang/Object;+19
j  org.eclipse.xtext.xbase.lib.IterableExtensions.fold(Ljava/lang/Iterable;Ljava/lang/Object;Lorg/eclipse/xtext/xbase/lib/Functions$Function2;)Ljava/lang/Object;+8
j  org.uqbar.project.wollok.interpreter.WollokInterpreterEvaluator.evalAll(Ljava/lang/Iterable;)Lorg/uqbar/project/wollok/interpreter/core/WollokObject;+12
j  org.uqbar.project.wollok.interpreter.WollokInterpreterEvaluator._evaluate(Lorg/uqbar/project/wollok/wollokDsl/WProgram;)Lorg/uqbar/project/wollok/interpreter/core/WollokObject;+18
j  org.uqbar.project.wollok.launch.WollokLauncherInterpreterEvaluator.evaluate(Lorg/eclipse/emf/ecore/EObject;)Lorg/uqbar/project/wollok/interpreter/core/WollokObject;+444
j  org.uqbar.project.wollok.interpreter.WollokInterpreterEvaluator.evaluate(Lorg/eclipse/emf/ecore/EObject;)Ljava/lang/Object;+2
j  org.uqbar.project.wollok.interpreter.WollokInterpreter.eval(Lorg/eclipse/emf/ecore/EObject;)Lorg/uqbar/project/wollok/interpreter/core/WollokObject;+63
j  org.uqbar.project.wollok.interpreter.WollokInterpreterEvaluator.eval(Lorg/eclipse/emf/ecore/EObject;)Lorg/uqbar/project/wollok/interpreter/core/WollokObject;+5
j  org.uqbar.project.wollok.launch.WollokLauncherInterpreterEvaluator._evaluate(Lorg/uqbar/project/wollok/wollokDsl/WFile;)Lorg/uqbar/project/wollok/interpreter/core/WollokObject;+32
j  org.uqbar.project.wollok.launch.WollokLauncherInterpreterEvaluator.evaluate(Lorg/eclipse/emf/ecore/EObject;)Lorg/uqbar/project/wollok/interpreter/core/WollokObject;+428
j  org.uqbar.project.wollok.interpreter.WollokInterpreterEvaluator.evaluate(Lorg/eclipse/emf/ecore/EObject;)Ljava/lang/Object;+2
j  org.uqbar.project.wollok.interpreter.WollokInterpreter.interpret(Lorg/eclipse/emf/ecore/EObject;Ljava/lang/Boolean;)Lorg/uqbar/project/wollok/interpreter/core/WollokObject;+25
j  org.uqbar.project.wollok.interpreter.WollokInterpreter.interpret(Lorg/eclipse/emf/ecore/EObject;)Lorg/uqbar/project/wollok/interpreter/core/WollokObject;+8
j  org.uqbar.project.wollok.launch.WollokLauncher.doSomething(Lorg/uqbar/project/wollok/wollokDsl/WFile;Lcom/google/inject/Injector;Ljava/io/File;Lorg/uqbar/project/wollok/launch/WollokLauncherParameters;)V+109
j  org.uqbar.project.wollok.launch.WollokChecker.launch(Ljava/lang/String;Lorg/uqbar/project/wollok/launch/WollokLauncherParameters;)V+31
j  org.uqbar.project.wollok.launch.WollokChecker.doMain([Ljava/lang/String;)V+205
j  org.uqbar.project.wollok.launch.WollokLauncher.main([Ljava/lang/String;)V+8
v  ~StubRoutines::call_stub

---------------  P R O C E S S  ---------------

Java Threads: ( => current thread )
  0x0000000025088800 JavaThread "com.google.inject.internal.util.$Finalizer" daemon [_thread_blocked, id=13788, stack(0x00000000260c0000,0x00000000261c0000)]
  0x0000000025160800 JavaThread "EMF Reference Cleaner" daemon [_thread_blocked, id=11044, stack(0x0000000025dc0000,0x0000000025ec0000)]
  0x00000000238a1800 JavaThread "Service Thread" daemon [_thread_blocked, id=7360, stack(0x00000000243f0000,0x00000000244f0000)]
  0x000000002381b800 JavaThread "C1 CompilerThread3" daemon [_thread_blocked, id=6136, stack(0x00000000242f0000,0x00000000243f0000)]
  0x0000000023810000 JavaThread "C2 CompilerThread2" daemon [_thread_blocked, id=6992, stack(0x00000000241f0000,0x00000000242f0000)]
  0x0000000023804000 JavaThread "C2 CompilerThread1" daemon [_thread_blocked, id=11664, stack(0x00000000240f0000,0x00000000241f0000)]
  0x0000000023800800 JavaThread "C2 CompilerThread0" daemon [_thread_blocked, id=11240, stack(0x0000000023ff0000,0x00000000240f0000)]
  0x00000000237ff000 JavaThread "Attach Listener" daemon [_thread_blocked, id=14260, stack(0x0000000023ef0000,0x0000000023ff0000)]
  0x00000000237fe000 JavaThread "Signal Dispatcher" daemon [_thread_blocked, id=12536, stack(0x0000000023df0000,0x0000000023ef0000)]
  0x00000000237f0800 JavaThread "Finalizer" daemon [_thread_blocked, id=2596, stack(0x0000000023bd0000,0x0000000023cd0000)]
  0x000000000340d800 JavaThread "Reference Handler" daemon [_thread_blocked, id=5648, stack(0x00000000236d0000,0x00000000237d0000)]
=>0x0000000003316000 JavaThread "main" [_thread_in_native, id=7896, stack(0x0000000003210000,0x0000000003310000)]

Other Threads:
  0x00000000218f9800 VMThread [stack: 0x00000000235d0000,0x00000000236d0000] [id=12304]
  0x00000000238c2800 WatcherThread [stack: 0x00000000244f0000,0x00000000245f0000] [id=7308]

VM state:not at safepoint (normal execution)

VM Mutex/Monitor currently owned by a thread: None

heap address: 0x0000000641800000, size: 6120 MB, Compressed Oops mode: Zero based, Oop shift amount: 3
Narrow klass base: 0x0000000000000000, Narrow klass shift: 3
Compressed class space size: 1073741824 Address: 0x00000007c0000000

Heap:
 PSYoungGen      total 114688K, used 3809K [0x0000000740800000, 0x000000074e800000, 0x00000007c0000000)
  eden space 98304K, 3% used [0x0000000740800000,0x0000000740bb8710,0x0000000746800000)
  from space 16384K, 0% used [0x0000000746800000,0x0000000746800000,0x0000000747800000)
  to   space 16384K, 0% used [0x000000074d800000,0x000000074d800000,0x000000074e800000)
 ParOldGen       total 181248K, used 18185K [0x0000000641800000, 0x000000064c900000, 0x0000000740800000)
  object space 181248K, 10% used [0x0000000641800000,0x00000006429c25d0,0x000000064c900000)
 Metaspace       used 21299K, capacity 21544K, committed 21760K, reserved 1069056K
  class space    used 2690K, capacity 2760K, committed 2816K, reserved 1048576K

Card table byte_map: [0x00000000127d0000,0x00000000133d0000] byte_map_base: 0x000000000f5c4000

Marking Bits: (ParMarkBitMap*) 0x00000000557caf90
 Begin Bits: [0x00000000143d0000, 0x000000001a370000)
 End Bits:   [0x000000001a370000, 0x0000000020310000)

Polling page: 0x00000000016a0000

CodeCache: size=245760Kb used=12181Kb max_used=12190Kb free=233578Kb
 bounds [0x0000000003410000, 0x0000000004000000, 0x0000000012410000]
 total_blobs=4154 nmethods=3712 adapters=354
 compilation: enabled

Compilation events (10 events):
Event: 3.831 Thread 0x0000000023810000 3707       4       sun.nio.cs.UTF_8$Encoder::encode (359 bytes)
Event: 3.838 Thread 0x000000002381b800 3708       3       java.nio.DirectByteBuffer::put (18 bytes)
Event: 3.839 Thread 0x000000002381b800 nmethod 3708 0x0000000003ff9fd0 code [0x0000000003ffa140, 0x0000000003ffa3b0]
Event: 3.839 Thread 0x000000002381b800 3709       3       java.nio.DirectByteBuffer::ix (10 bytes)
Event: 3.839 Thread 0x000000002381b800 nmethod 3709 0x0000000003ff9cd0 code [0x0000000003ff9e20, 0x0000000003ff9f70]
Event: 3.839 Thread 0x000000002381b800 3711       3       java.nio.DirectByteBuffer::put (18 bytes)
Event: 3.840 Thread 0x000000002381b800 nmethod 3711 0x0000000003ff97d0 code [0x0000000003ff9940, 0x0000000003ff9bb0]
Event: 3.840 Thread 0x000000002381b800 3712       1       java.nio.DirectByteBuffer::ix (10 bytes)
Event: 3.840 Thread 0x000000002381b800 nmethod 3712 0x0000000003ff9510 code [0x0000000003ff9660, 0x0000000003ff9770]
Event: 3.840 Thread 0x0000000023810000 nmethod 3707 0x0000000003fff210 code [0x0000000003fff380, 0x0000000003fffa58]

GC Heap History (8 events):
Event: 1.434 GC heap before
{Heap before GC invocations=1 (full 0):
 PSYoungGen      total 114688K, used 98304K [0x0000000740800000, 0x0000000748800000, 0x00000007c0000000)
  eden space 98304K, 100% used [0x0000000740800000,0x0000000746800000,0x0000000746800000)
  from space 16384K, 0% used [0x0000000747800000,0x0000000747800000,0x0000000748800000)
  to   space 16384K, 0% used [0x0000000746800000,0x0000000746800000,0x0000000747800000)
 ParOldGen       total 262144K, used 0K [0x0000000641800000, 0x0000000651800000, 0x0000000740800000)
  object space 262144K, 0% used [0x0000000641800000,0x0000000641800000,0x0000000651800000)
 Metaspace       used 11688K, capacity 11828K, committed 12032K, reserved 1060864K
  class space    used 1494K, capacity 1526K, committed 1536K, reserved 1048576K
Event: 1.448 GC heap after
Heap after GC invocations=1 (full 0):
 PSYoungGen      total 114688K, used 16368K [0x0000000740800000, 0x0000000748800000, 0x00000007c0000000)
  eden space 98304K, 0% used [0x0000000740800000,0x0000000740800000,0x0000000746800000)
  from space 16384K, 99% used [0x0000000746800000,0x00000007477fc108,0x0000000747800000)
  to   space 16384K, 0% used [0x0000000747800000,0x0000000747800000,0x0000000748800000)
 ParOldGen       total 262144K, used 2284K [0x0000000641800000, 0x0000000651800000, 0x0000000740800000)
  object space 262144K, 0% used [0x0000000641800000,0x0000000641a3b150,0x0000000651800000)
 Metaspace       used 11688K, capacity 11828K, committed 12032K, reserved 1060864K
  class space    used 1494K, capacity 1526K, committed 1536K, reserved 1048576K
}
Event: 3.109 GC heap before
{Heap before GC invocations=2 (full 0):
 PSYoungGen      total 114688K, used 114672K [0x0000000740800000, 0x0000000748800000, 0x00000007c0000000)
  eden space 98304K, 100% used [0x0000000740800000,0x0000000746800000,0x0000000746800000)
  from space 16384K, 99% used [0x0000000746800000,0x00000007477fc108,0x0000000747800000)
  to   space 16384K, 0% used [0x0000000747800000,0x0000000747800000,0x0000000748800000)
 ParOldGen       total 262144K, used 2284K [0x0000000641800000, 0x0000000651800000, 0x0000000740800000)
  object space 262144K, 0% used [0x0000000641800000,0x0000000641a3b150,0x0000000651800000)
 Metaspace       used 20075K, capacity 20346K, committed 20608K, reserved 1067008K
  class space    used 2576K, capacity 2651K, committed 2688K, reserved 1048576K
Event: 3.134 GC heap after
Heap after GC invocations=2 (full 0):
 PSYoungGen      total 114688K, used 16356K [0x0000000740800000, 0x000000074e800000, 0x00000007c0000000)
  eden space 98304K, 0% used [0x0000000740800000,0x0000000740800000,0x0000000746800000)
  from space 16384K, 99% used [0x0000000747800000,0x00000007487f91d8,0x0000000748800000)
  to   space 16384K, 0% used [0x0000000746800000,0x0000000746800000,0x0000000747800000)
 ParOldGen       total 262144K, used 9593K [0x0000000641800000, 0x0000000651800000, 0x0000000740800000)
  object space 262144K, 3% used [0x0000000641800000,0x000000064215e420,0x0000000651800000)
 Metaspace       used 20075K, capacity 20346K, committed 20608K, reserved 1067008K
  class space    used 2576K, capacity 2651K, committed 2688K, reserved 1048576K
}
Event: 3.731 GC heap before
{Heap before GC invocations=3 (full 0):
 PSYoungGen      total 114688K, used 55154K [0x0000000740800000, 0x000000074e800000, 0x00000007c0000000)
  eden space 98304K, 39% used [0x0000000740800000,0x0000000742de3990,0x0000000746800000)
  from space 16384K, 99% used [0x0000000747800000,0x00000007487f91d8,0x0000000748800000)
  to   space 16384K, 0% used [0x0000000746800000,0x0000000746800000,0x0000000747800000)
 ParOldGen       total 262144K, used 9593K [0x0000000641800000, 0x0000000651800000, 0x0000000740800000)
  object space 262144K, 3% used [0x0000000641800000,0x000000064215e420,0x0000000651800000)
 Metaspace       used 20891K, capacity 21128K, committed 21248K, reserved 1067008K
  class space    used 2637K, capacity 2728K, committed 2816K, reserved 1048576K
Event: 3.742 GC heap after
Heap after GC invocations=3 (full 0):
 PSYoungGen      total 114688K, used 16366K [0x0000000740800000, 0x000000074e800000, 0x00000007c0000000)
  eden space 98304K, 0% used [0x0000000740800000,0x0000000740800000,0x0000000746800000)
  from space 16384K, 99% used [0x0000000746800000,0x00000007477fbaf8,0x0000000747800000)
  to   space 16384K, 0% used [0x000000074d800000,0x000000074d800000,0x000000074e800000)
 ParOldGen       total 262144K, used 10113K [0x0000000641800000, 0x0000000651800000, 0x0000000740800000)
  object space 262144K, 3% used [0x0000000641800000,0x00000006421e0698,0x0000000651800000)
 Metaspace       used 20891K, capacity 21128K, committed 21248K, reserved 1067008K
  class space    used 2637K, capacity 2728K, committed 2816K, reserved 1048576K
}
Event: 3.742 GC heap before
{Heap before GC invocations=4 (full 1):
 PSYoungGen      total 114688K, used 16366K [0x0000000740800000, 0x000000074e800000, 0x00000007c0000000)
  eden space 98304K, 0% used [0x0000000740800000,0x0000000740800000,0x0000000746800000)
  from space 16384K, 99% used [0x0000000746800000,0x00000007477fbaf8,0x0000000747800000)
  to   space 16384K, 0% used [0x000000074d800000,0x000000074d800000,0x000000074e800000)
 ParOldGen       total 262144K, used 10113K [0x0000000641800000, 0x0000000651800000, 0x0000000740800000)
  object space 262144K, 3% used [0x0000000641800000,0x00000006421e0698,0x0000000651800000)
 Metaspace       used 20891K, capacity 21128K, committed 21248K, reserved 1067008K
  class space    used 2637K, capacity 2728K, committed 2816K, reserved 1048576K
Event: 3.808 GC heap after
Heap after GC invocations=4 (full 1):
 PSYoungGen      total 114688K, used 0K [0x0000000740800000, 0x000000074e800000, 0x00000007c0000000)
  eden space 98304K, 0% used [0x0000000740800000,0x0000000740800000,0x0000000746800000)
  from space 16384K, 0% used [0x0000000746800000,0x0000000746800000,0x0000000747800000)
  to   space 16384K, 0% used [0x000000074d800000,0x000000074d800000,0x000000074e800000)
 ParOldGen       total 181248K, used 18185K [0x0000000641800000, 0x000000064c900000, 0x0000000740800000)
  object space 181248K, 10% used [0x0000000641800000,0x00000006429c25d0,0x000000064c900000)
 Metaspace       used 20891K, capacity 21128K, committed 21248K, reserved 1067008K
  class space    used 2637K, capacity 2728K, committed 2816K, reserved 1048576K
}

Deoptimization events (10 events):
Event: 2.647 Thread 0x0000000003316000 Uncommon trap: reason=unstable_if action=reinterpret pc=0x0000000003c894ec method=org.eclipse.emf.common.notify.impl.BasicNotifierImpl$EAdapterList.data()[Ljava/lang/Object; @ 16
Event: 2.652 Thread 0x0000000003316000 Uncommon trap: reason=class_check action=maybe_recompile pc=0x0000000003b6c97c method=org.eclipse.xtext.nodemodel.impl.NodeModelBuilder.addChild(Lorg/eclipse/xtext/nodemodel/ICompositeNode;Lorg/eclipse/xtext/nodemodel/impl/AbstractNode;)V @ 6
Event: 2.659 Thread 0x0000000003316000 Uncommon trap: reason=unstable_if action=reinterpret pc=0x0000000003cc1698 method=org.eclipse.emf.common.notify.impl.BasicNotifierImpl$EAdapterList.getAdapterForType(Ljava/lang/Object;)Lorg/eclipse/emf/common/notify/Adapter; @ 50
Event: 2.676 Thread 0x0000000003316000 Uncommon trap: reason=unstable_if action=reinterpret pc=0x0000000003cbfe88 method=org.eclipse.emf.common.notify.impl.BasicNotifierImpl$EAdapterList.getAdapterForType(Ljava/lang/Object;)Lorg/eclipse/emf/common/notify/Adapter; @ 50
Event: 2.676 Thread 0x0000000003316000 Uncommon trap: reason=unstable_if action=reinterpret pc=0x0000000003cbc744 method=org.eclipse.emf.common.notify.impl.BasicNotifierImpl$EAdapterList.data()[Ljava/lang/Object; @ 16
Event: 2.689 Thread 0x0000000003316000 Uncommon trap: reason=unstable_if action=reinterpret pc=0x00000000035b355c method=java.lang.ThreadLocal$ThreadLocalMap.getEntry(Ljava/lang/ThreadLocal;)Ljava/lang/ThreadLocal$ThreadLocalMap$Entry; @ 29
Event: 2.739 Thread 0x0000000003316000 Uncommon trap: reason=unstable_if action=reinterpret pc=0x000000000395df34 method=java.util.concurrent.ConcurrentHashMap.putVal(Ljava/lang/Object;Ljava/lang/Object;Z)Ljava/lang/Object; @ 181
Event: 2.810 Thread 0x0000000003316000 Uncommon trap: reason=unstable_if action=reinterpret pc=0x00000000035b78ec method=java.lang.ThreadLocal$ThreadLocalMap.getEntry(Ljava/lang/ThreadLocal;)Ljava/lang/ThreadLocal$ThreadLocalMap$Entry; @ 29
Event: 2.867 Thread 0x0000000003316000 Uncommon trap: reason=class_check action=maybe_recompile pc=0x00000000038a04a0 method=java.util.HashMap.putVal(ILjava/lang/Object;Ljava/lang/Object;ZZ)Ljava/lang/Object; @ 91
Event: 3.728 Thread 0x0000000003316000 Uncommon trap: reason=unstable_if action=reinterpret pc=0x00000000036000cc method=sun.nio.cs.UTF_8$Encoder.encode([CII[B)I @ 33

Classes redefined (0 events):
No events

Internal exceptions (10 events):
Event: 2.664 Thread 0x0000000003316000 Exception <a 'java/io/FileNotFoundException'> (0x0000000744bfa450) thrown at [C:\jenkins\workspace\8-2-build-windows-amd64-cygwin\jdk8u251\737\hotspot\src\share\vm\prims\jni.cpp, line 710]
Event: 2.917 Thread 0x0000000003316000 Exception <a 'java/lang/reflect/InvocationTargetException'> (0x00000007459879c8) thrown at [C:\jenkins\workspace\8-2-build-windows-amd64-cygwin\jdk8u251\737\hotspot\src\share\vm\runtime\reflection.cpp, line 1092]
Event: 2.918 Thread 0x0000000003316000 Exception <a 'java/lang/reflect/InvocationTargetException'> (0x00000007459a0ab8) thrown at [C:\jenkins\workspace\8-2-build-windows-amd64-cygwin\jdk8u251\737\hotspot\src\share\vm\runtime\reflection.cpp, line 1092]
Event: 2.920 Thread 0x0000000003316000 Exception <a 'java/lang/reflect/InvocationTargetException'> (0x00000007459bc390) thrown at [C:\jenkins\workspace\8-2-build-windows-amd64-cygwin\jdk8u251\737\hotspot\src\share\vm\runtime\reflection.cpp, line 1092]
Event: 3.847 Thread 0x0000000003316000 Exception <a 'java/security/PrivilegedActionException'> (0x000000074095dcf8) thrown at [C:\jenkins\workspace\8-2-build-windows-amd64-cygwin\jdk8u251\737\hotspot\src\share\vm\prims\jvm.cpp, line 1502]
Event: 3.847 Thread 0x0000000003316000 Exception <a 'java/security/PrivilegedActionException'> (0x000000074095f228) thrown at [C:\jenkins\workspace\8-2-build-windows-amd64-cygwin\jdk8u251\737\hotspot\src\share\vm\prims\jvm.cpp, line 1502]
Event: 3.847 Thread 0x0000000003316000 Exception <a 'java/security/PrivilegedActionException'> (0x0000000740960658) thrown at [C:\jenkins\workspace\8-2-build-windows-amd64-cygwin\jdk8u251\737\hotspot\src\share\vm\prims\jvm.cpp, line 1502]
Event: 3.847 Thread 0x0000000003316000 Exception <a 'java/security/PrivilegedActionException'> (0x0000000740961d18) thrown at [C:\jenkins\workspace\8-2-build-windows-amd64-cygwin\jdk8u251\737\hotspot\src\share\vm\prims\jvm.cpp, line 1502]
Event: 3.847 Thread 0x0000000003316000 Exception <a 'java/security/PrivilegedActionException'> (0x0000000740963110) thrown at [C:\jenkins\workspace\8-2-build-windows-amd64-cygwin\jdk8u251\737\hotspot\src\share\vm\prims\jvm.cpp, line 1502]
Event: 3.847 Thread 0x0000000003316000 Exception <a 'java/security/PrivilegedActionException'> (0x00000007409644d8) thrown at [C:\jenkins\workspace\8-2-build-windows-amd64-cygwin\jdk8u251\737\hotspot\src\share\vm\prims\jvm.cpp, line 1502]

Events (10 events):
Event: 3.871 loading class org/lwjgl/openal/ALCdevice
Event: 3.871 loading class org/lwjgl/openal/ALCdevice done
Event: 3.872 loading class org/lwjgl/openal/ALCcontext
Event: 3.872 loading class org/lwjgl/openal/ALCcontext done
Event: 3.872 loading class java/nio/DirectIntBufferU
Event: 3.873 loading class java/nio/DirectIntBufferU done
Event: 3.873 loading class org/lwjgl/openal/Util
Event: 3.873 loading class org/lwjgl/openal/Util done
Event: 3.873 loading class org/lwjgl/openal/OpenALException
Event: 3.873 loading class org/lwjgl/openal/OpenALException done


Dynamic libraries:
0x00007ff6c97e0000 - 0x00007ff6c9817000 	C:\Program Files\Java\jre1.8.0_251\bin\javaw.exe
0x00007ffdfa4b0000 - 0x00007ffdfa6a5000 	C:\WINDOWS\SYSTEM32\ntdll.dll
0x00007ffdf89c0000 - 0x00007ffdf8a7d000 	C:\WINDOWS\System32\KERNEL32.DLL
0x00007ffdf7bf0000 - 0x00007ffdf7eb7000 	C:\WINDOWS\System32\KERNELBASE.dll
0x00007ffdf9340000 - 0x00007ffdf93ea000 	C:\WINDOWS\System32\ADVAPI32.dll
0x00007ffdf8570000 - 0x00007ffdf860e000 	C:\WINDOWS\System32\msvcrt.dll
0x00007ffdf8a80000 - 0x00007ffdf8b1b000 	C:\WINDOWS\System32\sechost.dll
0x00007ffdf99b0000 - 0x00007ffdf9ad4000 	C:\WINDOWS\System32\RPCRT4.dll
0x00007ffdf86b0000 - 0x00007ffdf8850000 	C:\WINDOWS\System32\USER32.dll
0x00007ffdf8380000 - 0x00007ffdf83a2000 	C:\WINDOWS\System32\win32u.dll
0x00007ffdfa290000 - 0x00007ffdfa2ba000 	C:\WINDOWS\System32\GDI32.dll
0x00007ffdf8010000 - 0x00007ffdf8119000 	C:\WINDOWS\System32\gdi32full.dll
0x00007ffdf7ec0000 - 0x00007ffdf7f5d000 	C:\WINDOWS\System32\msvcp_win.dll
0x00007ffdf8280000 - 0x00007ffdf8380000 	C:\WINDOWS\System32\ucrtbase.dll
0x00007ffddda30000 - 0x00007ffdddccb000 	C:\WINDOWS\WinSxS\amd64_microsoft.windows.common-controls_6595b64144ccf1df_6.0.19041.488_none_ca04af081b815d21\COMCTL32.dll
0x00007ffdf8980000 - 0x00007ffdf89b0000 	C:\WINDOWS\System32\IMM32.DLL
0x0000000054de0000 - 0x0000000054eb2000 	C:\Program Files\Java\jre1.8.0_251\bin\msvcr100.dll
0x0000000054fa0000 - 0x000000005584b000 	C:\Program Files\Java\jre1.8.0_251\bin\server\jvm.dll
0x00007ffdf9060000 - 0x00007ffdf9068000 	C:\WINDOWS\System32\PSAPI.DLL
0x00007ffdf50b0000 - 0x00007ffdf50b9000 	C:\WINDOWS\SYSTEM32\WSOCK32.dll
0x00007ffdef7e0000 - 0x00007ffdef807000 	C:\WINDOWS\SYSTEM32\WINMM.dll
0x00007ffdf2290000 - 0x00007ffdf229a000 	C:\WINDOWS\SYSTEM32\VERSION.dll
0x00007ffdf8f90000 - 0x00007ffdf8ffb000 	C:\WINDOWS\System32\WS2_32.dll
0x00007ffdf5090000 - 0x00007ffdf509f000 	C:\Program Files\Java\jre1.8.0_251\bin\verify.dll
0x00007ffde4270000 - 0x00007ffde4299000 	C:\Program Files\Java\jre1.8.0_251\bin\java.dll
0x00007ffdf0aa0000 - 0x00007ffdf0ab6000 	C:\Program Files\Java\jre1.8.0_251\bin\zip.dll
0x00007ffdf9b40000 - 0x00007ffdfa281000 	C:\WINDOWS\System32\SHELL32.dll
0x00007ffdf5d70000 - 0x00007ffdf6503000 	C:\WINDOWS\SYSTEM32\windows.storage.dll
0x00007ffdf9520000 - 0x00007ffdf9875000 	C:\WINDOWS\System32\combase.dll
0x00007ffdf7660000 - 0x00007ffdf768c000 	C:\WINDOWS\SYSTEM32\Wldp.dll
0x00007ffdf9170000 - 0x00007ffdf921e000 	C:\WINDOWS\System32\SHCORE.dll
0x00007ffdf9000000 - 0x00007ffdf9055000 	C:\WINDOWS\System32\shlwapi.dll
0x00007ffdf7b20000 - 0x00007ffdf7b46000 	C:\WINDOWS\SYSTEM32\profapi.dll
0x0000000065580000 - 0x0000000065616000 	C:\Users\Nicolas\AppData\Local\Temp\libgdxNicolas\12dfaa03\gdx64.dll
0x00007ffdf75c0000 - 0x00007ffdf75d8000 	C:\WINDOWS\SYSTEM32\CRYPTSP.dll
0x00007ffdf6d00000 - 0x00007ffdf6d34000 	C:\WINDOWS\system32\rsaenh.dll
0x00007ffdf8460000 - 0x00007ffdf8487000 	C:\WINDOWS\System32\bcrypt.dll
0x00007ffdf7aa0000 - 0x00007ffdf7ace000 	C:\WINDOWS\SYSTEM32\USERENV.dll
0x00007ffdf8490000 - 0x00007ffdf850f000 	C:\WINDOWS\System32\bcryptprimitives.dll
0x00007ffdf75b0000 - 0x00007ffdf75bc000 	C:\WINDOWS\SYSTEM32\CRYPTBASE.dll
0x00007ffde4250000 - 0x00007ffde426a000 	C:\Program Files\Java\jre1.8.0_251\bin\net.dll
0x00007ffdf73e0000 - 0x00007ffdf744a000 	C:\WINDOWS\system32\mswsock.dll
0x00007ffdf7080000 - 0x00007ffdf70bb000 	C:\WINDOWS\SYSTEM32\IPHLPAPI.DLL
0x00007ffdf89b0000 - 0x00007ffdf89b9000 	C:\WINDOWS\System32\NSI.dll
0x00007ffdf1560000 - 0x00007ffdf1577000 	C:\WINDOWS\SYSTEM32\dhcpcsvc6.DLL
0x00007ffdf1e30000 - 0x00007ffdf1e4d000 	C:\WINDOWS\SYSTEM32\dhcpcsvc.DLL
0x00007ffdf7120000 - 0x00007ffdf71eb000 	C:\WINDOWS\SYSTEM32\DNSAPI.dll
0x00007ffde4230000 - 0x00007ffde4242000 	C:\Program Files\Java\jre1.8.0_251\bin\nio.dll
0x0000000180000000 - 0x0000000180053000 	C:\Users\Nicolas\AppData\Local\Temp\libgdxNicolas\dc0f0009\lwjgl64.dll
0x00007ffdc5900000 - 0x00007ffdc5a25000 	C:\WINDOWS\SYSTEM32\OPENGL32.dll
0x00007ffddbf90000 - 0x00007ffddbfbc000 	C:\WINDOWS\SYSTEM32\GLU32.dll
0x0000000029010000 - 0x0000000029074000 	C:\Users\Nicolas\AppData\Local\Temp\libgdxNicolas\dc0f0009\OpenAL64.dll
0x00007ffdf9880000 - 0x00007ffdf99a9000 	C:\WINDOWS\System32\ole32.dll
0x00007ffdf5b70000 - 0x00007ffdf5b83000 	C:\WINDOWS\SYSTEM32\kernel.appcore.dll
0x00007ffdf56b0000 - 0x00007ffdf574f000 	C:\WINDOWS\system32\uxtheme.dll
0x00007ffdf9470000 - 0x00007ffdf9518000 	C:\WINDOWS\System32\clbcatq.dll
0x00007ffddc450000 - 0x00007ffddc4ec000 	C:\WINDOWS\SYSTEM32\dsound.dll
0x00007ffde33f0000 - 0x00007ffde3416000 	C:\WINDOWS\SYSTEM32\winmmbase.dll
0x00007ffdf71f0000 - 0x00007ffdf723b000 	C:\WINDOWS\SYSTEM32\powrprof.dll
0x00007ffdf7060000 - 0x00007ffdf7072000 	C:\WINDOWS\SYSTEM32\UMPDC.dll
0x00007ffdf18b0000 - 0x00007ffdf1935000 	C:\WINDOWS\System32\MMDevApi.dll
0x00007ffdf79a0000 - 0x00007ffdf79cc000 	C:\WINDOWS\System32\DEVOBJ.dll
0x00007ffdf83b0000 - 0x00007ffdf83fd000 	C:\WINDOWS\System32\cfgmgr32.dll
0x00007ffdf1960000 - 0x00007ffdf1ae0000 	C:\WINDOWS\SYSTEM32\AUDIOSES.DLL
0x00007ffdf88b0000 - 0x00007ffdf897d000 	C:\WINDOWS\System32\OLEAUT32.dll
0x00007ffdf2780000 - 0x00007ffdf2964000 	C:\WINDOWS\SYSTEM32\dbghelp.dll

VM Arguments:
jvm_args: -Duser.language=es_ES -Dfile.encoding=UTF-8 
java_command: org.uqbar.project.wollok.launch.WollokLauncher -requestsPort 0 -eventsPort 0 -folder -dontValidate -wf src/game.wpgm -darkMode
java_class_path (initial): C:\Users\Nicolas\Desktop\UNSAM\Algoritmos I\Wollok\workspace\git\2020s2-tp-juego-estonoescocapapi\bin;C:\Users\Nicolas\Desktop\UNSAM\Algoritmos I\Wollok\plugins\com.ibm.icu_64.2.0.v20190507-1337.jar;C:\Users\Nicolas\Desktop\UNSAM\Algoritmos I\Wollok\plugins\org.eclipse.xtext_2.20.0.v20191202-0915.jar;C:\Users\Nicolas\Desktop\UNSAM\Algoritmos I\Wollok\plugins\org.eclipse.emf.ecore.xmi_2.16.0.v20190528-0725.jar;C:\Users\Nicolas\Desktop\UNSAM\Algoritmos I\Wollok\plugins\org.eclipse.emf.ecore_2.20.0.v20190920-0401.jar;C:\Users\Nicolas\Desktop\UNSAM\Algoritmos I\Wollok\plugins\org.eclipse.emf.common_2.17.0.v20190920-0401.jar;C:\Users\Nicolas\Desktop\UNSAM\Algoritmos I\Wollok\plugins\org.antlr.runtime_3.2.0.v201101311130.jar;C:\Users\Nicolas\Desktop\UNSAM\Algoritmos I\Wollok\plugins\com.google.inject_3.0.0.v201605172100.jar;C:\Users\Nicolas\Desktop\UNSAM\Algoritmos I\Wollok\plugins\org.eclipse.emf.mwe.core_1.5.1.v20191121-1148.jar;C:\Users\Nicolas\Desktop\UNSAM\Algoritmos I\Wollok\plugins\org.apache.commons.cli_1.2.0.v201404270220.jar;C:\Users\Nicolas\Desktop\UNSAM\Algoritmos I\Wollok\plugins\org.eclipse.emf.mwe2.runtime_2.11.1.v20191121-1148.jar;C:\Users\Nicolas\Desktop\UNSAM\Algoritmos I\Wollok\plugins\org.eclipse.emf.mwe.utils_1.5.1.v20191121-1148.jar;C:\Users\Nicolas\Desktop\UNSAM\Algoritmos I\Wollok\plugins\org.eclipse.xtext.util_2.20.0.v20191202-0915.jar;C:\Users\Nicolas\Desktop\UNSAM\Algoritmos I\Wollok\plugins\com.google.guava_27.1.0.v20190517-1946.jar;C:\Users\Nicolas\Desktop\UNSAM\Algoritmos I\Wollok\plugins\javax.inject_1.0.0.v20091030.jar;C:\Users\Nicolas\Desktop\UNSAM\Algoritmos I\Wollok\plugins\org.eclipse.xtext.generator_2.20.0.v20191202-0933.jar;C:\Users\Nicolas\Desktop\UNSAM\Algoritmos I\Wollok\plugins\org.eclipse.xtext.xtext.generator_2.20.0.v20191202-0915.jar;C:\Users\Nicolas\Desktop\UNSAM\Algoritmos I\Wollok\plugins\org.eclipse.xtext.xbase.lib_2.20.0.v20191202-0907.jar;C:\Users\Nicolas\Desktop\UNSAM\Algoritmos I\Wollok\plug
Launcher Type: SUN_STANDARD

Environment Variables:
PATH=C:/Program Files/Java/jre1.8.0_251/bin/server;C:/Program Files/Java/jre1.8.0_251/bin;C:/Program Files/Java/jre1.8.0_251/lib/amd64;C:\Program Files (x86)\NVIDIA Corporation\PhysX\Common;C:\Program Files (x86)\Common Files\Oracle\Java\javapath;C:\WINDOWS\system32;C:\WINDOWS;C:\WINDOWS\System32\Wbem;C:\WINDOWS\System32\WindowsPowerShell\v1.0\;C:\WINDOWS\System32\OpenSSH\;C:\Users\Nicolas\AppData\Local\Programs\Python\Python38-32\Scripts\;C:\Users\Nicolas\AppData\Local\Programs\Python\Python38-32\;C:\Program Files (x86)\NVIDIA Corporation\PhysX\Common;C:\Program Files (x86)\Common Files\Oracle\Java\javapath;C:\Windows\system32;C:\Windows;C:\Windows\System32\Wbem;C:\Windows\System32\WindowsPowerShell\v1.0\;C:\Windows\System32\OpenSSH\;C:\Users\Nicolas\AppData\Local\Microsoft\WindowsApps;C:\Users\Nicolas\AppData\Local\Programs\Microsoft VS Code\bin;C:\Python34\Scripts;C:\Users\Nicolas\AppData\Local\Microsoft\WindowsApps;;C:\Users\Nicolas\Desktop\UNSAM\Algoritmos I\Wollok;
USERNAME=Nicolas
OS=Windows_NT
PROCESSOR_IDENTIFIER=AMD64 Family 21 Model 2 Stepping 0, AuthenticAMD



---------------  S Y S T E M  ---------------

OS: Windows 10.0 , 64 bit Build 19041 (10.0.19041.292)

CPU:total 8 (initial active 8) (8 cores per cpu, 1 threads per core) family 21 model 2 stepping 0, cmov, cx8, fxsr, mmx, sse, sse2, sse3, ssse3, sse4.1, sse4.2, popcnt, avx, aes, clmul, mmxext, 3dnowpref, lzcnt, sse4a, tsc, tscinvbit, tscinv, bmi1

Memory: 4k page, physical 25063508k(19292196k free), swap 29257812k(18523060k free)

vm_info: Java HotSpot(TM) 64-Bit Server VM (25.251-b08) for windows-amd64 JRE (1.8.0_251-b08), built on Mar 12 2020 06:31:49 by "" with MS VC++ 10.0 (VS2010)

time: Tue Oct 13 19:07:00 2020
timezone: Hora estándar de Argentina
elapsed time: 3 seconds (0d 0h 0m 3s)

